<?xml version="1.0" encoding="UTF-8"?>
<testng-results ignored="0" total="175" passed="139" failed="36" skipped="0">
  <reporter-output>
  </reporter-output>
  <suite started-at="2025-09-03T11:45:37 IST" name="Default suite" finished-at="2025-09-03T11:51:17 IST" duration-ms="339425">
    <groups>
    </groups>
    <test started-at="2025-09-03T11:45:37 IST" name="Default test" finished-at="2025-09-03T11:51:17 IST" duration-ms="339425">
      <class name="pages.CrmTest2">
        <test-method is-config="true" signature="setUp()[pri:0, instance:pages.CrmTest2@7c1e2a9e]" started-at="2025-09-03T11:45:37 IST" name="setUp" finished-at="2025-09-03T11:45:43 IST" duration-ms="5343" status="PASS">
          <reporter-output>
          </reporter-output>
        </test-method> <!-- setUp -->
        <test-method signature="verifyLoginPageTitle()[pri:1, instance:pages.CrmTest2@7c1e2a9e]" started-at="2025-09-03T11:45:43 IST" name="verifyLoginPageTitle" finished-at="2025-09-03T11:45:43 IST" duration-ms="23" status="PASS">
          <reporter-output>
          </reporter-output>
        </test-method> <!-- verifyLoginPageTitle -->
        <test-method signature="verifyAllFieldsAreVisible()[pri:2, instance:pages.CrmTest2@7c1e2a9e]" started-at="2025-09-03T11:45:43 IST" name="verifyAllFieldsAreVisible" finished-at="2025-09-03T11:45:43 IST" duration-ms="121" status="PASS">
          <reporter-output>
          </reporter-output>
        </test-method> <!-- verifyAllFieldsAreVisible -->
        <test-method signature="testLoginButtonDisplayd()[pri:3, instance:pages.CrmTest2@7c1e2a9e]" started-at="2025-09-03T11:45:43 IST" name="testLoginButtonDisplayd" finished-at="2025-09-03T11:45:43 IST" duration-ms="346" status="PASS">
          <reporter-output>
          </reporter-output>
        </test-method> <!-- testLoginButtonDisplayd -->
        <test-method signature="testLoginWithInvalidPassword()[pri:4, instance:pages.CrmTest2@7c1e2a9e]" started-at="2025-09-03T11:45:43 IST" name="testLoginWithInvalidPassword" finished-at="2025-09-03T11:45:48 IST" duration-ms="4656" status="PASS">
          <reporter-output>
          </reporter-output>
        </test-method> <!-- testLoginWithInvalidPassword -->
        <test-method signature="testLoginWithEmptyFields()[pri:5, instance:pages.CrmTest2@7c1e2a9e]" started-at="2025-09-03T11:45:48 IST" name="testLoginWithEmptyFields" finished-at="2025-09-03T11:45:52 IST" duration-ms="4458" status="PASS">
          <reporter-output>
          </reporter-output>
        </test-method> <!-- testLoginWithEmptyFields -->
        <test-method signature="testLoginWithInvalidMobile()[pri:6, instance:pages.CrmTest2@7c1e2a9e]" started-at="2025-09-03T11:45:52 IST" name="testLoginWithInvalidMobile" finished-at="2025-09-03T11:45:57 IST" duration-ms="4553" status="PASS">
          <reporter-output>
          </reporter-output>
        </test-method> <!-- testLoginWithInvalidMobile -->
        <test-method signature="testMobileNumberFieldAllowsOnlyNumericInput()[pri:7, instance:pages.CrmTest2@7c1e2a9e]" started-at="2025-09-03T11:45:57 IST" name="testMobileNumberFieldAllowsOnlyNumericInput" finished-at="2025-09-03T11:46:01 IST" duration-ms="4357" status="PASS">
          <reporter-output>
          </reporter-output>
        </test-method> <!-- testMobileNumberFieldAllowsOnlyNumericInput -->
        <test-method signature="testLoginWithValidCredentials()[pri:8, instance:pages.CrmTest2@7c1e2a9e]" started-at="2025-09-03T11:46:01 IST" name="testLoginWithValidCredentials" finished-at="2025-09-03T11:46:08 IST" duration-ms="7267" status="PASS">
          <reporter-output>
          </reporter-output>
        </test-method> <!-- testLoginWithValidCredentials -->
        <test-method signature="verifyDashboardPageTitle()[pri:9, instance:pages.CrmTest2@7c1e2a9e]" started-at="2025-09-03T11:46:08 IST" name="verifyDashboardPageTitle" finished-at="2025-09-03T11:46:10 IST" duration-ms="2034" status="PASS">
          <reporter-output>
          </reporter-output>
        </test-method> <!-- verifyDashboardPageTitle -->
        <test-method signature="verifyAllFieldsAreVisibleInDashboard()[pri:10, instance:pages.CrmTest2@7c1e2a9e]" started-at="2025-09-03T11:46:10 IST" name="verifyAllFieldsAreVisibleInDashboard" finished-at="2025-09-03T11:46:11 IST" duration-ms="312" status="PASS">
          <reporter-output>
          </reporter-output>
        </test-method> <!-- verifyAllFieldsAreVisibleInDashboard -->
        <test-method signature="verifyAllFieldsAreVisibleInNavigationBar()[pri:11, instance:pages.CrmTest2@7c1e2a9e]" started-at="2025-09-03T11:46:11 IST" name="verifyAllFieldsAreVisibleInNavigationBar" finished-at="2025-09-03T11:46:11 IST" duration-ms="479" status="PASS">
          <reporter-output>
          </reporter-output>
        </test-method> <!-- verifyAllFieldsAreVisibleInNavigationBar -->
        <test-method signature="verifyChartsPresence()[pri:12, instance:pages.CrmTest2@7c1e2a9e]" started-at="2025-09-03T11:46:11 IST" name="verifyChartsPresence" finished-at="2025-09-03T11:46:11 IST" duration-ms="46" status="PASS">
          <reporter-output>
          </reporter-output>
        </test-method> <!-- verifyChartsPresence -->
        <test-method signature="verifyDropdownFunctionality()[pri:13, instance:pages.CrmTest2@7c1e2a9e]" started-at="2025-09-03T11:46:11 IST" name="verifyDropdownFunctionality" finished-at="2025-09-03T11:46:14 IST" duration-ms="2349" status="PASS">
          <reporter-output>
          </reporter-output>
        </test-method> <!-- verifyDropdownFunctionality -->
        <test-method signature="testChatToggleFeature()[pri:14, instance:pages.CrmTest2@7c1e2a9e]" started-at="2025-09-03T11:46:14 IST" name="testChatToggleFeature" finished-at="2025-09-03T11:46:19 IST" duration-ms="5249" status="FAIL">
          <exception class="org.openqa.selenium.NoSuchElementException">
            <message>
              <![CDATA[no such element: Unable to locate element: {"method":"xpath","selector":"//button[@id='toggle-chat-button' and contains(@class, 'toggle-button') and normalize-space(text())='Hide Chat']"}
  (Session info: chrome=139.0.7258.66)
For documentation on this error, please visit: https://www.selenium.dev/documentation/webdriver/troubleshooting/errors#no-such-element-exception
Build info: version: '4.31.0', revision: '4ae8fc9f8a'
System info: os.name: 'Windows 10', os.arch: 'amd64', os.version: '10.0', java.version: '21.0.6'
Driver info: org.openqa.selenium.chrome.ChromeDriver
Command: [bed0fbf029eb26f6f2302ac270f57b46, findElement {using=xpath, value=//button[@id='toggle-chat-button' and contains(@class, 'toggle-button') and normalize-space(text())='Hide Chat']}]
Capabilities {acceptInsecureCerts: false, browserName: chrome, browserVersion: 139.0.7258.66, chrome: {chromedriverVersion: 139.0.7258.138 (884e54ea8d4..., userDataDir: C:\Users\User\AppData\Local...}, fedcm:accounts: true, goog:chromeOptions: {debuggerAddress: localhost:57073}, networkConnectionEnabled: false, pageLoadStrategy: normal, platformName: windows, proxy: Proxy(), se:cdp: ws://localhost:57073/devtoo..., se:cdpVersion: 139.0.7258.66, setWindowRect: true, strictFileInteractability: false, timeouts: {implicit: 0, pageLoad: 300000, script: 30000}, unhandledPromptBehavior: dismiss and notify, webauthn:extension:credBlob: true, webauthn:extension:largeBlob: true, webauthn:extension:minPinLength: true, webauthn:extension:prf: true, webauthn:virtualAuthenticators: true}
Session ID: bed0fbf029eb26f6f2302ac270f57b46]]>
            </message>
            <full-stacktrace>
              <![CDATA[org.openqa.selenium.NoSuchElementException: no such element: Unable to locate element: {"method":"xpath","selector":"//button[@id='toggle-chat-button' and contains(@class, 'toggle-button') and normalize-space(text())='Hide Chat']"}
  (Session info: chrome=139.0.7258.66)
For documentation on this error, please visit: https://www.selenium.dev/documentation/webdriver/troubleshooting/errors#no-such-element-exception
Build info: version: '4.31.0', revision: '4ae8fc9f8a'
System info: os.name: 'Windows 10', os.arch: 'amd64', os.version: '10.0', java.version: '21.0.6'
Driver info: org.openqa.selenium.chrome.ChromeDriver
Command: [bed0fbf029eb26f6f2302ac270f57b46, findElement {using=xpath, value=//button[@id='toggle-chat-button' and contains(@class, 'toggle-button') and normalize-space(text())='Hide Chat']}]
Capabilities {acceptInsecureCerts: false, browserName: chrome, browserVersion: 139.0.7258.66, chrome: {chromedriverVersion: 139.0.7258.138 (884e54ea8d4..., userDataDir: C:\Users\User\AppData\Local...}, fedcm:accounts: true, goog:chromeOptions: {debuggerAddress: localhost:57073}, networkConnectionEnabled: false, pageLoadStrategy: normal, platformName: windows, proxy: Proxy(), se:cdp: ws://localhost:57073/devtoo..., se:cdpVersion: 139.0.7258.66, setWindowRect: true, strictFileInteractability: false, timeouts: {implicit: 0, pageLoad: 300000, script: 30000}, unhandledPromptBehavior: dismiss and notify, webauthn:extension:credBlob: true, webauthn:extension:largeBlob: true, webauthn:extension:minPinLength: true, webauthn:extension:prf: true, webauthn:virtualAuthenticators: true}
Session ID: bed0fbf029eb26f6f2302ac270f57b46
at java.base/jdk.internal.reflect.DirectConstructorHandleAccessor.newInstance(DirectConstructorHandleAccessor.java:62)
at java.base/java.lang.reflect.Constructor.newInstanceWithCaller(Constructor.java:502)
at java.base/java.lang.reflect.Constructor.newInstance(Constructor.java:486)
at org.openqa.selenium.remote.ErrorCodec.decode(ErrorCodec.java:167)
at org.openqa.selenium.remote.codec.w3c.W3CHttpResponseCodec.decode(W3CHttpResponseCodec.java:138)
at org.openqa.selenium.remote.codec.w3c.W3CHttpResponseCodec.decode(W3CHttpResponseCodec.java:50)
at org.openqa.selenium.remote.HttpCommandExecutor.execute(HttpCommandExecutor.java:215)
at org.openqa.selenium.remote.service.DriverCommandExecutor.invokeExecute(DriverCommandExecutor.java:216)
at org.openqa.selenium.remote.service.DriverCommandExecutor.execute(DriverCommandExecutor.java:174)
at org.openqa.selenium.remote.RemoteWebDriver.execute(RemoteWebDriver.java:545)
at org.openqa.selenium.remote.ElementLocation$ElementFinder$2.findElement(ElementLocation.java:165)
at org.openqa.selenium.remote.ElementLocation.findElement(ElementLocation.java:59)
at org.openqa.selenium.remote.RemoteWebDriver.findElement(RemoteWebDriver.java:368)
at org.openqa.selenium.remote.RemoteWebDriver.findElement(RemoteWebDriver.java:362)
at pages.CrmTest2.testChatToggleFeature(CrmTest2.java:391)
at java.base/jdk.internal.reflect.DirectMethodHandleAccessor.invoke(DirectMethodHandleAccessor.java:103)
at java.base/java.lang.reflect.Method.invoke(Method.java:580)
at org.testng.internal.invokers.MethodInvocationHelper.invokeMethod(MethodInvocationHelper.java:141)
at org.testng.internal.invokers.TestInvoker.invokeMethod(TestInvoker.java:687)
at org.testng.internal.invokers.TestInvoker.invokeTestMethod(TestInvoker.java:230)
at org.testng.internal.invokers.MethodRunner.runInSequence(MethodRunner.java:63)
at org.testng.internal.invokers.TestInvoker$MethodInvocationAgent.invoke(TestInvoker.java:995)
at org.testng.internal.invokers.TestInvoker.invokeTestMethods(TestInvoker.java:203)
at org.testng.internal.invokers.TestMethodWorker.invokeTestMethods(TestMethodWorker.java:154)
at org.testng.internal.invokers.TestMethodWorker.run(TestMethodWorker.java:134)
at java.base/java.util.ArrayList.forEach(ArrayList.java:1596)
at org.testng.TestRunner.privateRun(TestRunner.java:741)
at org.testng.TestRunner.run(TestRunner.java:616)
at org.testng.SuiteRunner.runTest(SuiteRunner.java:421)
at org.testng.SuiteRunner.runSequentially(SuiteRunner.java:413)
at org.testng.SuiteRunner.privateRun(SuiteRunner.java:373)
at org.testng.SuiteRunner.run(SuiteRunner.java:312)
at org.testng.SuiteRunnerWorker.runSuite(SuiteRunnerWorker.java:52)
at org.testng.SuiteRunnerWorker.run(SuiteRunnerWorker.java:95)
at org.testng.TestNG.runSuitesSequentially(TestNG.java:1274)
at org.testng.TestNG.runSuitesLocally(TestNG.java:1208)
at org.testng.TestNG.runSuites(TestNG.java:1112)
at org.testng.TestNG.run(TestNG.java:1079)
at org.testng.remote.AbstractRemoteTestNG.run(AbstractRemoteTestNG.java:115)
at org.testng.remote.RemoteTestNG.initAndRun(RemoteTestNG.java:293)
at org.testng.remote.RemoteTestNG.main(RemoteTestNG.java:91)
]]>
            </full-stacktrace>
          </exception> <!-- org.openqa.selenium.NoSuchElementException -->
          <reporter-output>
          </reporter-output>
        </test-method> <!-- testChatToggleFeature -->
        <test-method signature="verifyPieChartTooltip()[pri:15, instance:pages.CrmTest2@7c1e2a9e]" started-at="2025-09-03T11:46:19 IST" name="verifyPieChartTooltip" finished-at="2025-09-03T11:46:23 IST" duration-ms="4234" status="PASS">
          <reporter-output>
          </reporter-output>
        </test-method> <!-- verifyPieChartTooltip -->
        <test-method signature="clickOnEMICalculatorButton()[pri:16, instance:pages.CrmTest2@7c1e2a9e]" started-at="2025-09-03T11:46:23 IST" name="clickOnEMICalculatorButton" finished-at="2025-09-03T11:46:27 IST" duration-ms="4008" status="PASS">
          <reporter-output>
          </reporter-output>
        </test-method> <!-- clickOnEMICalculatorButton -->
        <test-method signature="verifyEMICalculatorHeading()[pri:17, instance:pages.CrmTest2@7c1e2a9e]" started-at="2025-09-03T11:46:27 IST" name="verifyEMICalculatorHeading" finished-at="2025-09-03T11:46:27 IST" duration-ms="62" status="PASS">
          <reporter-output>
          </reporter-output>
        </test-method> <!-- verifyEMICalculatorHeading -->
        <test-method signature="verifyInputFieldsPresence()[pri:18, instance:pages.CrmTest2@7c1e2a9e]" started-at="2025-09-03T11:46:27 IST" name="verifyInputFieldsPresence" finished-at="2025-09-03T11:46:27 IST" duration-ms="68" status="PASS">
          <reporter-output>
          </reporter-output>
        </test-method> <!-- verifyInputFieldsPresence -->
        <test-method signature="testEmiCalculatorRefreshClearsInputs()[pri:19, instance:pages.CrmTest2@7c1e2a9e]" started-at="2025-09-03T11:46:27 IST" name="testEmiCalculatorRefreshClearsInputs" finished-at="2025-09-03T11:46:29 IST" duration-ms="2230" status="FAIL">
          <exception class="java.lang.AssertionError">
            <message>
              <![CDATA[Loan Amount field is not empty after refresh. expected [] but found [Required Loan Amount]]]>
            </message>
            <full-stacktrace>
              <![CDATA[java.lang.AssertionError: Loan Amount field is not empty after refresh. expected [] but found [Required Loan Amount]
at org.testng.Assert.fail(Assert.java:111)
at org.testng.Assert.failNotEquals(Assert.java:1590)
at org.testng.Assert.assertEqualsImpl(Assert.java:150)
at org.testng.Assert.assertEquals(Assert.java:132)
at org.testng.Assert.assertEquals(Assert.java:656)
at pages.CrmTest2.testEmiCalculatorRefreshClearsInputs(CrmTest2.java:472)
at java.base/jdk.internal.reflect.DirectMethodHandleAccessor.invoke(DirectMethodHandleAccessor.java:103)
at java.base/java.lang.reflect.Method.invoke(Method.java:580)
at org.testng.internal.invokers.MethodInvocationHelper.invokeMethod(MethodInvocationHelper.java:141)
at org.testng.internal.invokers.TestInvoker.invokeMethod(TestInvoker.java:687)
at org.testng.internal.invokers.TestInvoker.invokeTestMethod(TestInvoker.java:230)
at org.testng.internal.invokers.MethodRunner.runInSequence(MethodRunner.java:63)
at org.testng.internal.invokers.TestInvoker$MethodInvocationAgent.invoke(TestInvoker.java:995)
at org.testng.internal.invokers.TestInvoker.invokeTestMethods(TestInvoker.java:203)
at org.testng.internal.invokers.TestMethodWorker.invokeTestMethods(TestMethodWorker.java:154)
at org.testng.internal.invokers.TestMethodWorker.run(TestMethodWorker.java:134)
at java.base/java.util.ArrayList.forEach(ArrayList.java:1596)
at org.testng.TestRunner.privateRun(TestRunner.java:741)
at org.testng.TestRunner.run(TestRunner.java:616)
at org.testng.SuiteRunner.runTest(SuiteRunner.java:421)
at org.testng.SuiteRunner.runSequentially(SuiteRunner.java:413)
at org.testng.SuiteRunner.privateRun(SuiteRunner.java:373)
at org.testng.SuiteRunner.run(SuiteRunner.java:312)
at org.testng.SuiteRunnerWorker.runSuite(SuiteRunnerWorker.java:52)
at org.testng.SuiteRunnerWorker.run(SuiteRunnerWorker.java:95)
at org.testng.TestNG.runSuitesSequentially(TestNG.java:1274)
at org.testng.TestNG.runSuitesLocally(TestNG.java:1208)
at org.testng.TestNG.runSuites(TestNG.java:1112)
at org.testng.TestNG.run(TestNG.java:1079)
at org.testng.remote.AbstractRemoteTestNG.run(AbstractRemoteTestNG.java:115)
at org.testng.remote.RemoteTestNG.initAndRun(RemoteTestNG.java:293)
at org.testng.remote.RemoteTestNG.main(RemoteTestNG.java:91)
]]>
            </full-stacktrace>
          </exception> <!-- java.lang.AssertionError -->
          <reporter-output>
          </reporter-output>
        </test-method> <!-- testEmiCalculatorRefreshClearsInputs -->
        <test-method signature="validateEMIOutputWithoutInputs()[pri:20, instance:pages.CrmTest2@7c1e2a9e]" started-at="2025-09-03T11:46:29 IST" name="validateEMIOutputWithoutInputs" finished-at="2025-09-03T11:46:32 IST" duration-ms="2061" status="PASS">
          <reporter-output>
          </reporter-output>
        </test-method> <!-- validateEMIOutputWithoutInputs -->
        <test-method signature="validateEMICalculationWithInputs()[pri:21, instance:pages.CrmTest2@7c1e2a9e]" started-at="2025-09-03T11:46:32 IST" name="validateEMICalculationWithInputs" finished-at="2025-09-03T11:46:32 IST" duration-ms="454" status="FAIL">
          <exception class="java.lang.AssertionError">
            <message>
              <![CDATA[EMI calculation is incorrect, value is NaN expected [false] but found [true]]]>
            </message>
            <full-stacktrace>
              <![CDATA[java.lang.AssertionError: EMI calculation is incorrect, value is NaN expected [false] but found [true]
at org.testng.Assert.fail(Assert.java:111)
at org.testng.Assert.failNotEquals(Assert.java:1590)
at org.testng.Assert.assertFalse(Assert.java:79)
at pages.CrmTest2.validateEMICalculationWithInputs(CrmTest2.java:509)
at java.base/jdk.internal.reflect.DirectMethodHandleAccessor.invoke(DirectMethodHandleAccessor.java:103)
at java.base/java.lang.reflect.Method.invoke(Method.java:580)
at org.testng.internal.invokers.MethodInvocationHelper.invokeMethod(MethodInvocationHelper.java:141)
at org.testng.internal.invokers.TestInvoker.invokeMethod(TestInvoker.java:687)
at org.testng.internal.invokers.TestInvoker.invokeTestMethod(TestInvoker.java:230)
at org.testng.internal.invokers.MethodRunner.runInSequence(MethodRunner.java:63)
at org.testng.internal.invokers.TestInvoker$MethodInvocationAgent.invoke(TestInvoker.java:995)
at org.testng.internal.invokers.TestInvoker.invokeTestMethods(TestInvoker.java:203)
at org.testng.internal.invokers.TestMethodWorker.invokeTestMethods(TestMethodWorker.java:154)
at org.testng.internal.invokers.TestMethodWorker.run(TestMethodWorker.java:134)
at java.base/java.util.ArrayList.forEach(ArrayList.java:1596)
at org.testng.TestRunner.privateRun(TestRunner.java:741)
at org.testng.TestRunner.run(TestRunner.java:616)
at org.testng.SuiteRunner.runTest(SuiteRunner.java:421)
at org.testng.SuiteRunner.runSequentially(SuiteRunner.java:413)
at org.testng.SuiteRunner.privateRun(SuiteRunner.java:373)
at org.testng.SuiteRunner.run(SuiteRunner.java:312)
at org.testng.SuiteRunnerWorker.runSuite(SuiteRunnerWorker.java:52)
at org.testng.SuiteRunnerWorker.run(SuiteRunnerWorker.java:95)
at org.testng.TestNG.runSuitesSequentially(TestNG.java:1274)
at org.testng.TestNG.runSuitesLocally(TestNG.java:1208)
at org.testng.TestNG.runSuites(TestNG.java:1112)
at org.testng.TestNG.run(TestNG.java:1079)
at org.testng.remote.AbstractRemoteTestNG.run(AbstractRemoteTestNG.java:115)
at org.testng.remote.RemoteTestNG.initAndRun(RemoteTestNG.java:293)
at org.testng.remote.RemoteTestNG.main(RemoteTestNG.java:91)
]]>
            </full-stacktrace>
          </exception> <!-- java.lang.AssertionError -->
          <reporter-output>
          </reporter-output>
        </test-method> <!-- validateEMICalculationWithInputs -->
        <test-method signature="switchToDashboardTabAndInteract()[pri:22, instance:pages.CrmTest2@7c1e2a9e]" started-at="2025-09-03T11:46:32 IST" name="switchToDashboardTabAndInteract" finished-at="2025-09-03T11:46:32 IST" duration-ms="93" status="PASS">
          <reporter-output>
          </reporter-output>
        </test-method> <!-- switchToDashboardTabAndInteract -->
        <test-method signature="testNotificationIconVisibleAndClickable()[pri:23, instance:pages.CrmTest2@7c1e2a9e]" started-at="2025-09-03T11:46:32 IST" name="testNotificationIconVisibleAndClickable" finished-at="2025-09-03T11:46:34 IST" duration-ms="2119" status="PASS">
          <reporter-output>
          </reporter-output>
        </test-method> <!-- testNotificationIconVisibleAndClickable -->
        <test-method signature="testNotificationPanelDisplayed()[pri:24, instance:pages.CrmTest2@7c1e2a9e]" started-at="2025-09-03T11:46:34 IST" name="testNotificationPanelDisplayed" finished-at="2025-09-03T11:46:34 IST" duration-ms="57" status="PASS">
          <reporter-output>
          </reporter-output>
        </test-method> <!-- testNotificationPanelDisplayed -->
        <test-method signature="testNotificationItemsPresent()[pri:25, instance:pages.CrmTest2@7c1e2a9e]" started-at="2025-09-03T11:46:34 IST" name="testNotificationItemsPresent" finished-at="2025-09-03T11:46:34 IST" duration-ms="15" status="PASS">
          <reporter-output>
          </reporter-output>
        </test-method> <!-- testNotificationItemsPresent -->
        <test-method signature="testNotificationOrderByTimestamp()[pri:26, instance:pages.CrmTest2@7c1e2a9e]" started-at="2025-09-03T11:46:34 IST" name="testNotificationOrderByTimestamp" finished-at="2025-09-03T11:46:34 IST" duration-ms="19" status="FAIL">
          <exception class="java.lang.AssertionError">
            <message>
              <![CDATA[Not enough notifications to check order.]]>
            </message>
            <full-stacktrace>
              <![CDATA[java.lang.AssertionError: Not enough notifications to check order.
at org.testng.Assert.fail(Assert.java:111)
at pages.CrmTest2.testNotificationOrderByTimestamp(CrmTest2.java:571)
at java.base/jdk.internal.reflect.DirectMethodHandleAccessor.invoke(DirectMethodHandleAccessor.java:103)
at java.base/java.lang.reflect.Method.invoke(Method.java:580)
at org.testng.internal.invokers.MethodInvocationHelper.invokeMethod(MethodInvocationHelper.java:141)
at org.testng.internal.invokers.TestInvoker.invokeMethod(TestInvoker.java:687)
at org.testng.internal.invokers.TestInvoker.invokeTestMethod(TestInvoker.java:230)
at org.testng.internal.invokers.MethodRunner.runInSequence(MethodRunner.java:63)
at org.testng.internal.invokers.TestInvoker$MethodInvocationAgent.invoke(TestInvoker.java:995)
at org.testng.internal.invokers.TestInvoker.invokeTestMethods(TestInvoker.java:203)
at org.testng.internal.invokers.TestMethodWorker.invokeTestMethods(TestMethodWorker.java:154)
at org.testng.internal.invokers.TestMethodWorker.run(TestMethodWorker.java:134)
at java.base/java.util.ArrayList.forEach(ArrayList.java:1596)
at org.testng.TestRunner.privateRun(TestRunner.java:741)
at org.testng.TestRunner.run(TestRunner.java:616)
at org.testng.SuiteRunner.runTest(SuiteRunner.java:421)
at org.testng.SuiteRunner.runSequentially(SuiteRunner.java:413)
at org.testng.SuiteRunner.privateRun(SuiteRunner.java:373)
at org.testng.SuiteRunner.run(SuiteRunner.java:312)
at org.testng.SuiteRunnerWorker.runSuite(SuiteRunnerWorker.java:52)
at org.testng.SuiteRunnerWorker.run(SuiteRunnerWorker.java:95)
at org.testng.TestNG.runSuitesSequentially(TestNG.java:1274)
at org.testng.TestNG.runSuitesLocally(TestNG.java:1208)
at org.testng.TestNG.runSuites(TestNG.java:1112)
at org.testng.TestNG.run(TestNG.java:1079)
at org.testng.remote.AbstractRemoteTestNG.run(AbstractRemoteTestNG.java:115)
at org.testng.remote.RemoteTestNG.initAndRun(RemoteTestNG.java:293)
at org.testng.remote.RemoteTestNG.main(RemoteTestNG.java:91)
]]>
            </full-stacktrace>
          </exception> <!-- java.lang.AssertionError -->
          <reporter-output>
          </reporter-output>
        </test-method> <!-- testNotificationOrderByTimestamp -->
        <test-method signature="testNotificationClearAllButton()[pri:28, instance:pages.CrmTest2@7c1e2a9e]" started-at="2025-09-03T11:46:34 IST" name="testNotificationClearAllButton" finished-at="2025-09-03T11:46:34 IST" duration-ms="21" status="FAIL">
          <exception class="org.openqa.selenium.NoSuchElementException">
            <message>
              <![CDATA[no such element: Unable to locate element: {"method":"xpath","selector":"/html/body/ngb-modal-window/div/div/div[1]/button[1]"}
  (Session info: chrome=139.0.7258.66)
For documentation on this error, please visit: https://www.selenium.dev/documentation/webdriver/troubleshooting/errors#no-such-element-exception
Build info: version: '4.31.0', revision: '4ae8fc9f8a'
System info: os.name: 'Windows 10', os.arch: 'amd64', os.version: '10.0', java.version: '21.0.6'
Driver info: org.openqa.selenium.chrome.ChromeDriver
Command: [bed0fbf029eb26f6f2302ac270f57b46, findElement {using=xpath, value=/html/body/ngb-modal-window/div/div/div[1]/button[1]}]
Capabilities {acceptInsecureCerts: false, browserName: chrome, browserVersion: 139.0.7258.66, chrome: {chromedriverVersion: 139.0.7258.138 (884e54ea8d4..., userDataDir: C:\Users\User\AppData\Local...}, fedcm:accounts: true, goog:chromeOptions: {debuggerAddress: localhost:57073}, networkConnectionEnabled: false, pageLoadStrategy: normal, platformName: windows, proxy: Proxy(), se:cdp: ws://localhost:57073/devtoo..., se:cdpVersion: 139.0.7258.66, setWindowRect: true, strictFileInteractability: false, timeouts: {implicit: 0, pageLoad: 300000, script: 30000}, unhandledPromptBehavior: dismiss and notify, webauthn:extension:credBlob: true, webauthn:extension:largeBlob: true, webauthn:extension:minPinLength: true, webauthn:extension:prf: true, webauthn:virtualAuthenticators: true}
Session ID: bed0fbf029eb26f6f2302ac270f57b46]]>
            </message>
            <full-stacktrace>
              <![CDATA[org.openqa.selenium.NoSuchElementException: no such element: Unable to locate element: {"method":"xpath","selector":"/html/body/ngb-modal-window/div/div/div[1]/button[1]"}
  (Session info: chrome=139.0.7258.66)
For documentation on this error, please visit: https://www.selenium.dev/documentation/webdriver/troubleshooting/errors#no-such-element-exception
Build info: version: '4.31.0', revision: '4ae8fc9f8a'
System info: os.name: 'Windows 10', os.arch: 'amd64', os.version: '10.0', java.version: '21.0.6'
Driver info: org.openqa.selenium.chrome.ChromeDriver
Command: [bed0fbf029eb26f6f2302ac270f57b46, findElement {using=xpath, value=/html/body/ngb-modal-window/div/div/div[1]/button[1]}]
Capabilities {acceptInsecureCerts: false, browserName: chrome, browserVersion: 139.0.7258.66, chrome: {chromedriverVersion: 139.0.7258.138 (884e54ea8d4..., userDataDir: C:\Users\User\AppData\Local...}, fedcm:accounts: true, goog:chromeOptions: {debuggerAddress: localhost:57073}, networkConnectionEnabled: false, pageLoadStrategy: normal, platformName: windows, proxy: Proxy(), se:cdp: ws://localhost:57073/devtoo..., se:cdpVersion: 139.0.7258.66, setWindowRect: true, strictFileInteractability: false, timeouts: {implicit: 0, pageLoad: 300000, script: 30000}, unhandledPromptBehavior: dismiss and notify, webauthn:extension:credBlob: true, webauthn:extension:largeBlob: true, webauthn:extension:minPinLength: true, webauthn:extension:prf: true, webauthn:virtualAuthenticators: true}
Session ID: bed0fbf029eb26f6f2302ac270f57b46
at java.base/jdk.internal.reflect.DirectConstructorHandleAccessor.newInstance(DirectConstructorHandleAccessor.java:62)
at java.base/java.lang.reflect.Constructor.newInstanceWithCaller(Constructor.java:502)
at java.base/java.lang.reflect.Constructor.newInstance(Constructor.java:486)
at org.openqa.selenium.remote.ErrorCodec.decode(ErrorCodec.java:167)
at org.openqa.selenium.remote.codec.w3c.W3CHttpResponseCodec.decode(W3CHttpResponseCodec.java:138)
at org.openqa.selenium.remote.codec.w3c.W3CHttpResponseCodec.decode(W3CHttpResponseCodec.java:50)
at org.openqa.selenium.remote.HttpCommandExecutor.execute(HttpCommandExecutor.java:215)
at org.openqa.selenium.remote.service.DriverCommandExecutor.invokeExecute(DriverCommandExecutor.java:216)
at org.openqa.selenium.remote.service.DriverCommandExecutor.execute(DriverCommandExecutor.java:174)
at org.openqa.selenium.remote.RemoteWebDriver.execute(RemoteWebDriver.java:545)
at org.openqa.selenium.remote.ElementLocation$ElementFinder$2.findElement(ElementLocation.java:165)
at org.openqa.selenium.remote.ElementLocation.findElement(ElementLocation.java:59)
at org.openqa.selenium.remote.RemoteWebDriver.findElement(RemoteWebDriver.java:368)
at org.openqa.selenium.remote.RemoteWebDriver.findElement(RemoteWebDriver.java:362)
at pages.CrmTest2.testNotificationClearAllButton(CrmTest2.java:595)
at java.base/jdk.internal.reflect.DirectMethodHandleAccessor.invoke(DirectMethodHandleAccessor.java:103)
at java.base/java.lang.reflect.Method.invoke(Method.java:580)
at org.testng.internal.invokers.MethodInvocationHelper.invokeMethod(MethodInvocationHelper.java:141)
at org.testng.internal.invokers.TestInvoker.invokeMethod(TestInvoker.java:687)
at org.testng.internal.invokers.TestInvoker.invokeTestMethod(TestInvoker.java:230)
at org.testng.internal.invokers.MethodRunner.runInSequence(MethodRunner.java:63)
at org.testng.internal.invokers.TestInvoker$MethodInvocationAgent.invoke(TestInvoker.java:995)
at org.testng.internal.invokers.TestInvoker.invokeTestMethods(TestInvoker.java:203)
at org.testng.internal.invokers.TestMethodWorker.invokeTestMethods(TestMethodWorker.java:154)
at org.testng.internal.invokers.TestMethodWorker.run(TestMethodWorker.java:134)
at java.base/java.util.ArrayList.forEach(ArrayList.java:1596)
at org.testng.TestRunner.privateRun(TestRunner.java:741)
at org.testng.TestRunner.run(TestRunner.java:616)
at org.testng.SuiteRunner.runTest(SuiteRunner.java:421)
at org.testng.SuiteRunner.runSequentially(SuiteRunner.java:413)
at org.testng.SuiteRunner.privateRun(SuiteRunner.java:373)
at org.testng.SuiteRunner.run(SuiteRunner.java:312)
at org.testng.SuiteRunnerWorker.runSuite(SuiteRunnerWorker.java:52)
at org.testng.SuiteRunnerWorker.run(SuiteRunnerWorker.java:95)
at org.testng.TestNG.runSuitesSequentially(TestNG.java:1274)
at org.testng.TestNG.runSuitesLocally(TestNG.java:1208)
at org.testng.TestNG.runSuites(TestNG.java:1112)
at org.testng.TestNG.run(TestNG.java:1079)
at org.testng.remote.AbstractRemoteTestNG.run(AbstractRemoteTestNG.java:115)
at org.testng.remote.RemoteTestNG.initAndRun(RemoteTestNG.java:293)
at org.testng.remote.RemoteTestNG.main(RemoteTestNG.java:91)
]]>
            </full-stacktrace>
          </exception> <!-- org.openqa.selenium.NoSuchElementException -->
          <reporter-output>
          </reporter-output>
        </test-method> <!-- testNotificationClearAllButton -->
        <test-method signature="testNotificationPanelCloseButton()[pri:29, instance:pages.CrmTest2@7c1e2a9e]" started-at="2025-09-03T11:46:34 IST" name="testNotificationPanelCloseButton" finished-at="2025-09-03T11:46:35 IST" duration-ms="1089" status="PASS">
          <reporter-output>
          </reporter-output>
        </test-method> <!-- testNotificationPanelCloseButton -->
        <test-method signature="clickOnAdminBoard()[pri:30, instance:pages.CrmTest2@7c1e2a9e]" started-at="2025-09-03T11:46:35 IST" name="clickOnAdminBoard" finished-at="2025-09-03T11:46:38 IST" duration-ms="2147" status="PASS">
          <reporter-output>
          </reporter-output>
        </test-method> <!-- clickOnAdminBoard -->
        <test-method signature="testDashboardCardsVisibility()[pri:31, instance:pages.CrmTest2@7c1e2a9e]" started-at="2025-09-03T11:46:38 IST" name="testDashboardCardsVisibility" finished-at="2025-09-03T11:46:38 IST" duration-ms="99" status="PASS">
          <reporter-output>
          </reporter-output>
        </test-method> <!-- testDashboardCardsVisibility -->
        <test-method signature="testUserTablePresence()[pri:32, instance:pages.CrmTest2@7c1e2a9e]" started-at="2025-09-03T11:46:38 IST" name="testUserTablePresence" finished-at="2025-09-03T11:46:38 IST" duration-ms="17" status="PASS">
          <reporter-output>
          </reporter-output>
        </test-method> <!-- testUserTablePresence -->
        <test-method signature="testLoginStatusIndicators()[pri:33, instance:pages.CrmTest2@7c1e2a9e]" started-at="2025-09-03T11:46:38 IST" name="testLoginStatusIndicators" finished-at="2025-09-03T11:46:38 IST" duration-ms="17" status="PASS">
          <reporter-output>
          </reporter-output>
        </test-method> <!-- testLoginStatusIndicators -->
        <test-method signature="testMonthlyDisbursedAmount()[pri:34, instance:pages.CrmTest2@7c1e2a9e]" started-at="2025-09-03T11:46:38 IST" name="testMonthlyDisbursedAmount" finished-at="2025-09-03T11:46:38 IST" duration-ms="27" status="FAIL">
          <exception class="java.lang.AssertionError">
            <message>
              <![CDATA[Monthly disbursed amount is not ₹0.00 expected [true] but found [false]]]>
            </message>
            <full-stacktrace>
              <![CDATA[java.lang.AssertionError: Monthly disbursed amount is not ₹0.00 expected [true] but found [false]
at org.testng.Assert.fail(Assert.java:111)
at org.testng.Assert.failNotEquals(Assert.java:1590)
at org.testng.Assert.assertTrue(Assert.java:57)
at pages.CrmTest2.testMonthlyDisbursedAmount(CrmTest2.java:653)
at java.base/jdk.internal.reflect.DirectMethodHandleAccessor.invoke(DirectMethodHandleAccessor.java:103)
at java.base/java.lang.reflect.Method.invoke(Method.java:580)
at org.testng.internal.invokers.MethodInvocationHelper.invokeMethod(MethodInvocationHelper.java:141)
at org.testng.internal.invokers.TestInvoker.invokeMethod(TestInvoker.java:687)
at org.testng.internal.invokers.TestInvoker.invokeTestMethod(TestInvoker.java:230)
at org.testng.internal.invokers.MethodRunner.runInSequence(MethodRunner.java:63)
at org.testng.internal.invokers.TestInvoker$MethodInvocationAgent.invoke(TestInvoker.java:995)
at org.testng.internal.invokers.TestInvoker.invokeTestMethods(TestInvoker.java:203)
at org.testng.internal.invokers.TestMethodWorker.invokeTestMethods(TestMethodWorker.java:154)
at org.testng.internal.invokers.TestMethodWorker.run(TestMethodWorker.java:134)
at java.base/java.util.ArrayList.forEach(ArrayList.java:1596)
at org.testng.TestRunner.privateRun(TestRunner.java:741)
at org.testng.TestRunner.run(TestRunner.java:616)
at org.testng.SuiteRunner.runTest(SuiteRunner.java:421)
at org.testng.SuiteRunner.runSequentially(SuiteRunner.java:413)
at org.testng.SuiteRunner.privateRun(SuiteRunner.java:373)
at org.testng.SuiteRunner.run(SuiteRunner.java:312)
at org.testng.SuiteRunnerWorker.runSuite(SuiteRunnerWorker.java:52)
at org.testng.SuiteRunnerWorker.run(SuiteRunnerWorker.java:95)
at org.testng.TestNG.runSuitesSequentially(TestNG.java:1274)
at org.testng.TestNG.runSuitesLocally(TestNG.java:1208)
at org.testng.TestNG.runSuites(TestNG.java:1112)
at org.testng.TestNG.run(TestNG.java:1079)
at org.testng.remote.AbstractRemoteTestNG.run(AbstractRemoteTestNG.java:115)
at org.testng.remote.RemoteTestNG.initAndRun(RemoteTestNG.java:293)
at org.testng.remote.RemoteTestNG.main(RemoteTestNG.java:91)
]]>
            </full-stacktrace>
          </exception> <!-- java.lang.AssertionError -->
          <reporter-output>
          </reporter-output>
        </test-method> <!-- testMonthlyDisbursedAmount -->
        <test-method signature="scrollToBottom()[pri:35, instance:pages.CrmTest2@7c1e2a9e]" started-at="2025-09-03T11:46:38 IST" name="scrollToBottom" finished-at="2025-09-03T11:46:40 IST" duration-ms="2050" status="PASS">
          <reporter-output>
          </reporter-output>
        </test-method> <!-- scrollToBottom -->
        <test-method signature="verifyLeadsPageLoads()[pri:36, instance:pages.CrmTest2@7c1e2a9e]" started-at="2025-09-03T11:46:40 IST" name="verifyLeadsPageLoads" finished-at="2025-09-03T11:46:40 IST" duration-ms="149" status="PASS">
          <reporter-output>
          </reporter-output>
        </test-method> <!-- verifyLeadsPageLoads -->
        <test-method signature="verifyPerformanceSections()[pri:37, instance:pages.CrmTest2@7c1e2a9e]" started-at="2025-09-03T11:46:40 IST" name="verifyPerformanceSections" finished-at="2025-09-03T11:46:40 IST" duration-ms="56" status="PASS">
          <reporter-output>
          </reporter-output>
        </test-method> <!-- verifyPerformanceSections -->
        <test-method signature="verifyFilterOptionsPresent()[pri:38, instance:pages.CrmTest2@7c1e2a9e]" started-at="2025-09-03T11:46:40 IST" name="verifyFilterOptionsPresent" finished-at="2025-09-03T11:46:40 IST" duration-ms="426" status="PASS">
          <reporter-output>
          </reporter-output>
        </test-method> <!-- verifyFilterOptionsPresent -->
        <test-method signature="applyFiltersAndVerifyLeads1()[pri:39, instance:pages.CrmTest2@7c1e2a9e]" started-at="2025-09-03T11:46:40 IST" name="applyFiltersAndVerifyLeads1" finished-at="2025-09-03T11:46:44 IST" duration-ms="3387" status="PASS">
          <reporter-output>
          </reporter-output>
        </test-method> <!-- applyFiltersAndVerifyLeads1 -->
        <test-method signature="applyFiltersAndVerifyLeads2()[pri:40, instance:pages.CrmTest2@7c1e2a9e]" started-at="2025-09-03T11:46:44 IST" name="applyFiltersAndVerifyLeads2" finished-at="2025-09-03T11:46:47 IST" duration-ms="3291" status="PASS">
          <reporter-output>
          </reporter-output>
        </test-method> <!-- applyFiltersAndVerifyLeads2 -->
        <test-method signature="applyFiltersAndVerifyLeads3()[pri:41, instance:pages.CrmTest2@7c1e2a9e]" started-at="2025-09-03T11:46:47 IST" name="applyFiltersAndVerifyLeads3" finished-at="2025-09-03T11:46:50 IST" duration-ms="3292" status="PASS">
          <reporter-output>
          </reporter-output>
        </test-method> <!-- applyFiltersAndVerifyLeads3 -->
        <test-method signature="applyFiltersAndVerifyLeads4()[pri:42, instance:pages.CrmTest2@7c1e2a9e]" started-at="2025-09-03T11:46:50 IST" name="applyFiltersAndVerifyLeads4" finished-at="2025-09-03T11:46:52 IST" duration-ms="1199" status="FAIL">
          <exception class="org.openqa.selenium.ElementClickInterceptedException">
            <message>
              <![CDATA[element click intercepted: Element <div _ngcontent-wtp-c105="" id="..." class="col-product" style="padding: 0px 30px;">BL</div> is not clickable at point (813, 203). Other element would receive the click: <span _ngcontent-wtp-c85="">...</span>
  (Session info: chrome=139.0.7258.66)
Build info: version: '4.31.0', revision: '4ae8fc9f8a'
System info: os.name: 'Windows 10', os.arch: 'amd64', os.version: '10.0', java.version: '21.0.6'
Driver info: org.openqa.selenium.chrome.ChromeDriver
Command: [bed0fbf029eb26f6f2302ac270f57b46, clickElement {id=f.6B0B3A7F0B7B54442F1AA50B6BDA0E6D.d.8956856B0BD9F2F784C1AB9485E0D064.e.611}]
Capabilities {acceptInsecureCerts: false, browserName: chrome, browserVersion: 139.0.7258.66, chrome: {chromedriverVersion: 139.0.7258.138 (884e54ea8d4..., userDataDir: C:\Users\User\AppData\Local...}, fedcm:accounts: true, goog:chromeOptions: {debuggerAddress: localhost:57073}, networkConnectionEnabled: false, pageLoadStrategy: normal, platformName: windows, proxy: Proxy(), se:cdp: ws://localhost:57073/devtoo..., se:cdpVersion: 139.0.7258.66, setWindowRect: true, strictFileInteractability: false, timeouts: {implicit: 0, pageLoad: 300000, script: 30000}, unhandledPromptBehavior: dismiss and notify, webauthn:extension:credBlob: true, webauthn:extension:largeBlob: true, webauthn:extension:minPinLength: true, webauthn:extension:prf: true, webauthn:virtualAuthenticators: true}
Element: [[ChromeDriver: chrome on windows (bed0fbf029eb26f6f2302ac270f57b46)] -> xpath: //*[@id="BL"]]
Session ID: bed0fbf029eb26f6f2302ac270f57b46]]>
            </message>
            <full-stacktrace>
              <![CDATA[org.openqa.selenium.ElementClickInterceptedException: element click intercepted: Element <div _ngcontent-wtp-c105="" id="..." class="col-product" style="padding: 0px 30px;">BL</div> is not clickable at point (813, 203). Other element would receive the click: <span _ngcontent-wtp-c85="">...</span>
  (Session info: chrome=139.0.7258.66)
Build info: version: '4.31.0', revision: '4ae8fc9f8a'
System info: os.name: 'Windows 10', os.arch: 'amd64', os.version: '10.0', java.version: '21.0.6'
Driver info: org.openqa.selenium.chrome.ChromeDriver
Command: [bed0fbf029eb26f6f2302ac270f57b46, clickElement {id=f.6B0B3A7F0B7B54442F1AA50B6BDA0E6D.d.8956856B0BD9F2F784C1AB9485E0D064.e.611}]
Capabilities {acceptInsecureCerts: false, browserName: chrome, browserVersion: 139.0.7258.66, chrome: {chromedriverVersion: 139.0.7258.138 (884e54ea8d4..., userDataDir: C:\Users\User\AppData\Local...}, fedcm:accounts: true, goog:chromeOptions: {debuggerAddress: localhost:57073}, networkConnectionEnabled: false, pageLoadStrategy: normal, platformName: windows, proxy: Proxy(), se:cdp: ws://localhost:57073/devtoo..., se:cdpVersion: 139.0.7258.66, setWindowRect: true, strictFileInteractability: false, timeouts: {implicit: 0, pageLoad: 300000, script: 30000}, unhandledPromptBehavior: dismiss and notify, webauthn:extension:credBlob: true, webauthn:extension:largeBlob: true, webauthn:extension:minPinLength: true, webauthn:extension:prf: true, webauthn:virtualAuthenticators: true}
Element: [[ChromeDriver: chrome on windows (bed0fbf029eb26f6f2302ac270f57b46)] -> xpath: //*[@id="BL"]]
Session ID: bed0fbf029eb26f6f2302ac270f57b46
at java.base/jdk.internal.reflect.DirectConstructorHandleAccessor.newInstance(DirectConstructorHandleAccessor.java:62)
at java.base/java.lang.reflect.Constructor.newInstanceWithCaller(Constructor.java:502)
at java.base/java.lang.reflect.Constructor.newInstance(Constructor.java:486)
at org.openqa.selenium.remote.ErrorCodec.decode(ErrorCodec.java:167)
at org.openqa.selenium.remote.codec.w3c.W3CHttpResponseCodec.decode(W3CHttpResponseCodec.java:138)
at org.openqa.selenium.remote.codec.w3c.W3CHttpResponseCodec.decode(W3CHttpResponseCodec.java:50)
at org.openqa.selenium.remote.HttpCommandExecutor.execute(HttpCommandExecutor.java:215)
at org.openqa.selenium.remote.service.DriverCommandExecutor.invokeExecute(DriverCommandExecutor.java:216)
at org.openqa.selenium.remote.service.DriverCommandExecutor.execute(DriverCommandExecutor.java:174)
at org.openqa.selenium.remote.RemoteWebDriver.execute(RemoteWebDriver.java:545)
at org.openqa.selenium.remote.RemoteWebElement.execute(RemoteWebElement.java:223)
at org.openqa.selenium.remote.RemoteWebElement.click(RemoteWebElement.java:76)
at pages.CrmTest2.applyFiltersAndVerifyLeads4(CrmTest2.java:746)
at java.base/jdk.internal.reflect.DirectMethodHandleAccessor.invoke(DirectMethodHandleAccessor.java:103)
at java.base/java.lang.reflect.Method.invoke(Method.java:580)
at org.testng.internal.invokers.MethodInvocationHelper.invokeMethod(MethodInvocationHelper.java:141)
at org.testng.internal.invokers.TestInvoker.invokeMethod(TestInvoker.java:687)
at org.testng.internal.invokers.TestInvoker.invokeTestMethod(TestInvoker.java:230)
at org.testng.internal.invokers.MethodRunner.runInSequence(MethodRunner.java:63)
at org.testng.internal.invokers.TestInvoker$MethodInvocationAgent.invoke(TestInvoker.java:995)
at org.testng.internal.invokers.TestInvoker.invokeTestMethods(TestInvoker.java:203)
at org.testng.internal.invokers.TestMethodWorker.invokeTestMethods(TestMethodWorker.java:154)
at org.testng.internal.invokers.TestMethodWorker.run(TestMethodWorker.java:134)
at java.base/java.util.ArrayList.forEach(ArrayList.java:1596)
at org.testng.TestRunner.privateRun(TestRunner.java:741)
at org.testng.TestRunner.run(TestRunner.java:616)
at org.testng.SuiteRunner.runTest(SuiteRunner.java:421)
at org.testng.SuiteRunner.runSequentially(SuiteRunner.java:413)
at org.testng.SuiteRunner.privateRun(SuiteRunner.java:373)
at org.testng.SuiteRunner.run(SuiteRunner.java:312)
at org.testng.SuiteRunnerWorker.runSuite(SuiteRunnerWorker.java:52)
at org.testng.SuiteRunnerWorker.run(SuiteRunnerWorker.java:95)
at org.testng.TestNG.runSuitesSequentially(TestNG.java:1274)
at org.testng.TestNG.runSuitesLocally(TestNG.java:1208)
at org.testng.TestNG.runSuites(TestNG.java:1112)
at org.testng.TestNG.run(TestNG.java:1079)
at org.testng.remote.AbstractRemoteTestNG.run(AbstractRemoteTestNG.java:115)
at org.testng.remote.RemoteTestNG.initAndRun(RemoteTestNG.java:293)
at org.testng.remote.RemoteTestNG.main(RemoteTestNG.java:91)
]]>
            </full-stacktrace>
          </exception> <!-- org.openqa.selenium.ElementClickInterceptedException -->
          <reporter-output>
          </reporter-output>
        </test-method> <!-- applyFiltersAndVerifyLeads4 -->
        <test-method signature="applyFiltersAndVerifyLeads5()[pri:43, instance:pages.CrmTest2@7c1e2a9e]" started-at="2025-09-03T11:46:52 IST" name="applyFiltersAndVerifyLeads5" finished-at="2025-09-03T11:46:53 IST" duration-ms="1183" status="FAIL">
          <exception class="org.openqa.selenium.ElementClickInterceptedException">
            <message>
              <![CDATA[element click intercepted: Element <div _ngcontent-wtp-c105="" id="..." class="col-product" style="padding: 0px 30px;">CC</div> is not clickable at point (880, 203). Other element would receive the click: <li _ngcontent-wtp-c85="" class="person-list" id="person_4_9606882388">...</li>
  (Session info: chrome=139.0.7258.66)
Build info: version: '4.31.0', revision: '4ae8fc9f8a'
System info: os.name: 'Windows 10', os.arch: 'amd64', os.version: '10.0', java.version: '21.0.6'
Driver info: org.openqa.selenium.chrome.ChromeDriver
Command: [bed0fbf029eb26f6f2302ac270f57b46, clickElement {id=f.6B0B3A7F0B7B54442F1AA50B6BDA0E6D.d.8956856B0BD9F2F784C1AB9485E0D064.e.612}]
Capabilities {acceptInsecureCerts: false, browserName: chrome, browserVersion: 139.0.7258.66, chrome: {chromedriverVersion: 139.0.7258.138 (884e54ea8d4..., userDataDir: C:\Users\User\AppData\Local...}, fedcm:accounts: true, goog:chromeOptions: {debuggerAddress: localhost:57073}, networkConnectionEnabled: false, pageLoadStrategy: normal, platformName: windows, proxy: Proxy(), se:cdp: ws://localhost:57073/devtoo..., se:cdpVersion: 139.0.7258.66, setWindowRect: true, strictFileInteractability: false, timeouts: {implicit: 0, pageLoad: 300000, script: 30000}, unhandledPromptBehavior: dismiss and notify, webauthn:extension:credBlob: true, webauthn:extension:largeBlob: true, webauthn:extension:minPinLength: true, webauthn:extension:prf: true, webauthn:virtualAuthenticators: true}
Element: [[ChromeDriver: chrome on windows (bed0fbf029eb26f6f2302ac270f57b46)] -> xpath: //*[@id="CC"]]
Session ID: bed0fbf029eb26f6f2302ac270f57b46]]>
            </message>
            <full-stacktrace>
              <![CDATA[org.openqa.selenium.ElementClickInterceptedException: element click intercepted: Element <div _ngcontent-wtp-c105="" id="..." class="col-product" style="padding: 0px 30px;">CC</div> is not clickable at point (880, 203). Other element would receive the click: <li _ngcontent-wtp-c85="" class="person-list" id="person_4_9606882388">...</li>
  (Session info: chrome=139.0.7258.66)
Build info: version: '4.31.0', revision: '4ae8fc9f8a'
System info: os.name: 'Windows 10', os.arch: 'amd64', os.version: '10.0', java.version: '21.0.6'
Driver info: org.openqa.selenium.chrome.ChromeDriver
Command: [bed0fbf029eb26f6f2302ac270f57b46, clickElement {id=f.6B0B3A7F0B7B54442F1AA50B6BDA0E6D.d.8956856B0BD9F2F784C1AB9485E0D064.e.612}]
Capabilities {acceptInsecureCerts: false, browserName: chrome, browserVersion: 139.0.7258.66, chrome: {chromedriverVersion: 139.0.7258.138 (884e54ea8d4..., userDataDir: C:\Users\User\AppData\Local...}, fedcm:accounts: true, goog:chromeOptions: {debuggerAddress: localhost:57073}, networkConnectionEnabled: false, pageLoadStrategy: normal, platformName: windows, proxy: Proxy(), se:cdp: ws://localhost:57073/devtoo..., se:cdpVersion: 139.0.7258.66, setWindowRect: true, strictFileInteractability: false, timeouts: {implicit: 0, pageLoad: 300000, script: 30000}, unhandledPromptBehavior: dismiss and notify, webauthn:extension:credBlob: true, webauthn:extension:largeBlob: true, webauthn:extension:minPinLength: true, webauthn:extension:prf: true, webauthn:virtualAuthenticators: true}
Element: [[ChromeDriver: chrome on windows (bed0fbf029eb26f6f2302ac270f57b46)] -> xpath: //*[@id="CC"]]
Session ID: bed0fbf029eb26f6f2302ac270f57b46
at java.base/jdk.internal.reflect.DirectConstructorHandleAccessor.newInstance(DirectConstructorHandleAccessor.java:62)
at java.base/java.lang.reflect.Constructor.newInstanceWithCaller(Constructor.java:502)
at java.base/java.lang.reflect.Constructor.newInstance(Constructor.java:486)
at org.openqa.selenium.remote.ErrorCodec.decode(ErrorCodec.java:167)
at org.openqa.selenium.remote.codec.w3c.W3CHttpResponseCodec.decode(W3CHttpResponseCodec.java:138)
at org.openqa.selenium.remote.codec.w3c.W3CHttpResponseCodec.decode(W3CHttpResponseCodec.java:50)
at org.openqa.selenium.remote.HttpCommandExecutor.execute(HttpCommandExecutor.java:215)
at org.openqa.selenium.remote.service.DriverCommandExecutor.invokeExecute(DriverCommandExecutor.java:216)
at org.openqa.selenium.remote.service.DriverCommandExecutor.execute(DriverCommandExecutor.java:174)
at org.openqa.selenium.remote.RemoteWebDriver.execute(RemoteWebDriver.java:545)
at org.openqa.selenium.remote.RemoteWebElement.execute(RemoteWebElement.java:223)
at org.openqa.selenium.remote.RemoteWebElement.click(RemoteWebElement.java:76)
at pages.CrmTest2.applyFiltersAndVerifyLeads5(CrmTest2.java:761)
at java.base/jdk.internal.reflect.DirectMethodHandleAccessor.invoke(DirectMethodHandleAccessor.java:103)
at java.base/java.lang.reflect.Method.invoke(Method.java:580)
at org.testng.internal.invokers.MethodInvocationHelper.invokeMethod(MethodInvocationHelper.java:141)
at org.testng.internal.invokers.TestInvoker.invokeMethod(TestInvoker.java:687)
at org.testng.internal.invokers.TestInvoker.invokeTestMethod(TestInvoker.java:230)
at org.testng.internal.invokers.MethodRunner.runInSequence(MethodRunner.java:63)
at org.testng.internal.invokers.TestInvoker$MethodInvocationAgent.invoke(TestInvoker.java:995)
at org.testng.internal.invokers.TestInvoker.invokeTestMethods(TestInvoker.java:203)
at org.testng.internal.invokers.TestMethodWorker.invokeTestMethods(TestMethodWorker.java:154)
at org.testng.internal.invokers.TestMethodWorker.run(TestMethodWorker.java:134)
at java.base/java.util.ArrayList.forEach(ArrayList.java:1596)
at org.testng.TestRunner.privateRun(TestRunner.java:741)
at org.testng.TestRunner.run(TestRunner.java:616)
at org.testng.SuiteRunner.runTest(SuiteRunner.java:421)
at org.testng.SuiteRunner.runSequentially(SuiteRunner.java:413)
at org.testng.SuiteRunner.privateRun(SuiteRunner.java:373)
at org.testng.SuiteRunner.run(SuiteRunner.java:312)
at org.testng.SuiteRunnerWorker.runSuite(SuiteRunnerWorker.java:52)
at org.testng.SuiteRunnerWorker.run(SuiteRunnerWorker.java:95)
at org.testng.TestNG.runSuitesSequentially(TestNG.java:1274)
at org.testng.TestNG.runSuitesLocally(TestNG.java:1208)
at org.testng.TestNG.runSuites(TestNG.java:1112)
at org.testng.TestNG.run(TestNG.java:1079)
at org.testng.remote.AbstractRemoteTestNG.run(AbstractRemoteTestNG.java:115)
at org.testng.remote.RemoteTestNG.initAndRun(RemoteTestNG.java:293)
at org.testng.remote.RemoteTestNG.main(RemoteTestNG.java:91)
]]>
            </full-stacktrace>
          </exception> <!-- org.openqa.selenium.ElementClickInterceptedException -->
          <reporter-output>
          </reporter-output>
        </test-method> <!-- applyFiltersAndVerifyLeads5 -->
        <test-method signature="applyFiltersAndVerifyLeads6()[pri:44, instance:pages.CrmTest2@7c1e2a9e]" started-at="2025-09-03T11:46:53 IST" name="applyFiltersAndVerifyLeads6" finished-at="2025-09-03T11:46:54 IST" duration-ms="1188" status="FAIL">
          <exception class="org.openqa.selenium.ElementClickInterceptedException">
            <message>
              <![CDATA[element click intercepted: Element <div _ngcontent-wtp-c105="" id="..." class="col-product" style="padding: 0px 30px;">HLB</div> is not clickable at point (952, 203). Other element would receive the click: <li _ngcontent-wtp-c85="" class="person-list" id="person_4_9606882388">...</li>
  (Session info: chrome=139.0.7258.66)
Build info: version: '4.31.0', revision: '4ae8fc9f8a'
System info: os.name: 'Windows 10', os.arch: 'amd64', os.version: '10.0', java.version: '21.0.6'
Driver info: org.openqa.selenium.chrome.ChromeDriver
Command: [bed0fbf029eb26f6f2302ac270f57b46, clickElement {id=f.6B0B3A7F0B7B54442F1AA50B6BDA0E6D.d.8956856B0BD9F2F784C1AB9485E0D064.e.613}]
Capabilities {acceptInsecureCerts: false, browserName: chrome, browserVersion: 139.0.7258.66, chrome: {chromedriverVersion: 139.0.7258.138 (884e54ea8d4..., userDataDir: C:\Users\User\AppData\Local...}, fedcm:accounts: true, goog:chromeOptions: {debuggerAddress: localhost:57073}, networkConnectionEnabled: false, pageLoadStrategy: normal, platformName: windows, proxy: Proxy(), se:cdp: ws://localhost:57073/devtoo..., se:cdpVersion: 139.0.7258.66, setWindowRect: true, strictFileInteractability: false, timeouts: {implicit: 0, pageLoad: 300000, script: 30000}, unhandledPromptBehavior: dismiss and notify, webauthn:extension:credBlob: true, webauthn:extension:largeBlob: true, webauthn:extension:minPinLength: true, webauthn:extension:prf: true, webauthn:virtualAuthenticators: true}
Element: [[ChromeDriver: chrome on windows (bed0fbf029eb26f6f2302ac270f57b46)] -> xpath: //*[@id="HLB"]]
Session ID: bed0fbf029eb26f6f2302ac270f57b46]]>
            </message>
            <full-stacktrace>
              <![CDATA[org.openqa.selenium.ElementClickInterceptedException: element click intercepted: Element <div _ngcontent-wtp-c105="" id="..." class="col-product" style="padding: 0px 30px;">HLB</div> is not clickable at point (952, 203). Other element would receive the click: <li _ngcontent-wtp-c85="" class="person-list" id="person_4_9606882388">...</li>
  (Session info: chrome=139.0.7258.66)
Build info: version: '4.31.0', revision: '4ae8fc9f8a'
System info: os.name: 'Windows 10', os.arch: 'amd64', os.version: '10.0', java.version: '21.0.6'
Driver info: org.openqa.selenium.chrome.ChromeDriver
Command: [bed0fbf029eb26f6f2302ac270f57b46, clickElement {id=f.6B0B3A7F0B7B54442F1AA50B6BDA0E6D.d.8956856B0BD9F2F784C1AB9485E0D064.e.613}]
Capabilities {acceptInsecureCerts: false, browserName: chrome, browserVersion: 139.0.7258.66, chrome: {chromedriverVersion: 139.0.7258.138 (884e54ea8d4..., userDataDir: C:\Users\User\AppData\Local...}, fedcm:accounts: true, goog:chromeOptions: {debuggerAddress: localhost:57073}, networkConnectionEnabled: false, pageLoadStrategy: normal, platformName: windows, proxy: Proxy(), se:cdp: ws://localhost:57073/devtoo..., se:cdpVersion: 139.0.7258.66, setWindowRect: true, strictFileInteractability: false, timeouts: {implicit: 0, pageLoad: 300000, script: 30000}, unhandledPromptBehavior: dismiss and notify, webauthn:extension:credBlob: true, webauthn:extension:largeBlob: true, webauthn:extension:minPinLength: true, webauthn:extension:prf: true, webauthn:virtualAuthenticators: true}
Element: [[ChromeDriver: chrome on windows (bed0fbf029eb26f6f2302ac270f57b46)] -> xpath: //*[@id="HLB"]]
Session ID: bed0fbf029eb26f6f2302ac270f57b46
at java.base/jdk.internal.reflect.DirectConstructorHandleAccessor.newInstance(DirectConstructorHandleAccessor.java:62)
at java.base/java.lang.reflect.Constructor.newInstanceWithCaller(Constructor.java:502)
at java.base/java.lang.reflect.Constructor.newInstance(Constructor.java:486)
at org.openqa.selenium.remote.ErrorCodec.decode(ErrorCodec.java:167)
at org.openqa.selenium.remote.codec.w3c.W3CHttpResponseCodec.decode(W3CHttpResponseCodec.java:138)
at org.openqa.selenium.remote.codec.w3c.W3CHttpResponseCodec.decode(W3CHttpResponseCodec.java:50)
at org.openqa.selenium.remote.HttpCommandExecutor.execute(HttpCommandExecutor.java:215)
at org.openqa.selenium.remote.service.DriverCommandExecutor.invokeExecute(DriverCommandExecutor.java:216)
at org.openqa.selenium.remote.service.DriverCommandExecutor.execute(DriverCommandExecutor.java:174)
at org.openqa.selenium.remote.RemoteWebDriver.execute(RemoteWebDriver.java:545)
at org.openqa.selenium.remote.RemoteWebElement.execute(RemoteWebElement.java:223)
at org.openqa.selenium.remote.RemoteWebElement.click(RemoteWebElement.java:76)
at pages.CrmTest2.applyFiltersAndVerifyLeads6(CrmTest2.java:776)
at java.base/jdk.internal.reflect.DirectMethodHandleAccessor.invoke(DirectMethodHandleAccessor.java:103)
at java.base/java.lang.reflect.Method.invoke(Method.java:580)
at org.testng.internal.invokers.MethodInvocationHelper.invokeMethod(MethodInvocationHelper.java:141)
at org.testng.internal.invokers.TestInvoker.invokeMethod(TestInvoker.java:687)
at org.testng.internal.invokers.TestInvoker.invokeTestMethod(TestInvoker.java:230)
at org.testng.internal.invokers.MethodRunner.runInSequence(MethodRunner.java:63)
at org.testng.internal.invokers.TestInvoker$MethodInvocationAgent.invoke(TestInvoker.java:995)
at org.testng.internal.invokers.TestInvoker.invokeTestMethods(TestInvoker.java:203)
at org.testng.internal.invokers.TestMethodWorker.invokeTestMethods(TestMethodWorker.java:154)
at org.testng.internal.invokers.TestMethodWorker.run(TestMethodWorker.java:134)
at java.base/java.util.ArrayList.forEach(ArrayList.java:1596)
at org.testng.TestRunner.privateRun(TestRunner.java:741)
at org.testng.TestRunner.run(TestRunner.java:616)
at org.testng.SuiteRunner.runTest(SuiteRunner.java:421)
at org.testng.SuiteRunner.runSequentially(SuiteRunner.java:413)
at org.testng.SuiteRunner.privateRun(SuiteRunner.java:373)
at org.testng.SuiteRunner.run(SuiteRunner.java:312)
at org.testng.SuiteRunnerWorker.runSuite(SuiteRunnerWorker.java:52)
at org.testng.SuiteRunnerWorker.run(SuiteRunnerWorker.java:95)
at org.testng.TestNG.runSuitesSequentially(TestNG.java:1274)
at org.testng.TestNG.runSuitesLocally(TestNG.java:1208)
at org.testng.TestNG.runSuites(TestNG.java:1112)
at org.testng.TestNG.run(TestNG.java:1079)
at org.testng.remote.AbstractRemoteTestNG.run(AbstractRemoteTestNG.java:115)
at org.testng.remote.RemoteTestNG.initAndRun(RemoteTestNG.java:293)
at org.testng.remote.RemoteTestNG.main(RemoteTestNG.java:91)
]]>
            </full-stacktrace>
          </exception> <!-- org.openqa.selenium.ElementClickInterceptedException -->
          <reporter-output>
          </reporter-output>
        </test-method> <!-- applyFiltersAndVerifyLeads6 -->
        <test-method signature="applyFiltersAndVerifyLeads7()[pri:45, instance:pages.CrmTest2@7c1e2a9e]" started-at="2025-09-03T11:46:54 IST" name="applyFiltersAndVerifyLeads7" finished-at="2025-09-03T11:46:55 IST" duration-ms="1191" status="FAIL">
          <exception class="org.openqa.selenium.ElementClickInterceptedException">
            <message>
              <![CDATA[element click intercepted: Element <div _ngcontent-wtp-c105="" id="..." class="col-product" style="padding: 0px 30px;">LAPS</div> is not clickable at point (1032, 203). Other element would receive the click: <div _ngcontent-wtp-c85="" class="chat-content">...</div>
  (Session info: chrome=139.0.7258.66)
Build info: version: '4.31.0', revision: '4ae8fc9f8a'
System info: os.name: 'Windows 10', os.arch: 'amd64', os.version: '10.0', java.version: '21.0.6'
Driver info: org.openqa.selenium.chrome.ChromeDriver
Command: [bed0fbf029eb26f6f2302ac270f57b46, clickElement {id=f.6B0B3A7F0B7B54442F1AA50B6BDA0E6D.d.8956856B0BD9F2F784C1AB9485E0D064.e.614}]
Capabilities {acceptInsecureCerts: false, browserName: chrome, browserVersion: 139.0.7258.66, chrome: {chromedriverVersion: 139.0.7258.138 (884e54ea8d4..., userDataDir: C:\Users\User\AppData\Local...}, fedcm:accounts: true, goog:chromeOptions: {debuggerAddress: localhost:57073}, networkConnectionEnabled: false, pageLoadStrategy: normal, platformName: windows, proxy: Proxy(), se:cdp: ws://localhost:57073/devtoo..., se:cdpVersion: 139.0.7258.66, setWindowRect: true, strictFileInteractability: false, timeouts: {implicit: 0, pageLoad: 300000, script: 30000}, unhandledPromptBehavior: dismiss and notify, webauthn:extension:credBlob: true, webauthn:extension:largeBlob: true, webauthn:extension:minPinLength: true, webauthn:extension:prf: true, webauthn:virtualAuthenticators: true}
Element: [[ChromeDriver: chrome on windows (bed0fbf029eb26f6f2302ac270f57b46)] -> xpath: //*[@id="LAPS"]]
Session ID: bed0fbf029eb26f6f2302ac270f57b46]]>
            </message>
            <full-stacktrace>
              <![CDATA[org.openqa.selenium.ElementClickInterceptedException: element click intercepted: Element <div _ngcontent-wtp-c105="" id="..." class="col-product" style="padding: 0px 30px;">LAPS</div> is not clickable at point (1032, 203). Other element would receive the click: <div _ngcontent-wtp-c85="" class="chat-content">...</div>
  (Session info: chrome=139.0.7258.66)
Build info: version: '4.31.0', revision: '4ae8fc9f8a'
System info: os.name: 'Windows 10', os.arch: 'amd64', os.version: '10.0', java.version: '21.0.6'
Driver info: org.openqa.selenium.chrome.ChromeDriver
Command: [bed0fbf029eb26f6f2302ac270f57b46, clickElement {id=f.6B0B3A7F0B7B54442F1AA50B6BDA0E6D.d.8956856B0BD9F2F784C1AB9485E0D064.e.614}]
Capabilities {acceptInsecureCerts: false, browserName: chrome, browserVersion: 139.0.7258.66, chrome: {chromedriverVersion: 139.0.7258.138 (884e54ea8d4..., userDataDir: C:\Users\User\AppData\Local...}, fedcm:accounts: true, goog:chromeOptions: {debuggerAddress: localhost:57073}, networkConnectionEnabled: false, pageLoadStrategy: normal, platformName: windows, proxy: Proxy(), se:cdp: ws://localhost:57073/devtoo..., se:cdpVersion: 139.0.7258.66, setWindowRect: true, strictFileInteractability: false, timeouts: {implicit: 0, pageLoad: 300000, script: 30000}, unhandledPromptBehavior: dismiss and notify, webauthn:extension:credBlob: true, webauthn:extension:largeBlob: true, webauthn:extension:minPinLength: true, webauthn:extension:prf: true, webauthn:virtualAuthenticators: true}
Element: [[ChromeDriver: chrome on windows (bed0fbf029eb26f6f2302ac270f57b46)] -> xpath: //*[@id="LAPS"]]
Session ID: bed0fbf029eb26f6f2302ac270f57b46
at java.base/jdk.internal.reflect.DirectConstructorHandleAccessor.newInstance(DirectConstructorHandleAccessor.java:62)
at java.base/java.lang.reflect.Constructor.newInstanceWithCaller(Constructor.java:502)
at java.base/java.lang.reflect.Constructor.newInstance(Constructor.java:486)
at org.openqa.selenium.remote.ErrorCodec.decode(ErrorCodec.java:167)
at org.openqa.selenium.remote.codec.w3c.W3CHttpResponseCodec.decode(W3CHttpResponseCodec.java:138)
at org.openqa.selenium.remote.codec.w3c.W3CHttpResponseCodec.decode(W3CHttpResponseCodec.java:50)
at org.openqa.selenium.remote.HttpCommandExecutor.execute(HttpCommandExecutor.java:215)
at org.openqa.selenium.remote.service.DriverCommandExecutor.invokeExecute(DriverCommandExecutor.java:216)
at org.openqa.selenium.remote.service.DriverCommandExecutor.execute(DriverCommandExecutor.java:174)
at org.openqa.selenium.remote.RemoteWebDriver.execute(RemoteWebDriver.java:545)
at org.openqa.selenium.remote.RemoteWebElement.execute(RemoteWebElement.java:223)
at org.openqa.selenium.remote.RemoteWebElement.click(RemoteWebElement.java:76)
at pages.CrmTest2.applyFiltersAndVerifyLeads7(CrmTest2.java:791)
at java.base/jdk.internal.reflect.DirectMethodHandleAccessor.invoke(DirectMethodHandleAccessor.java:103)
at java.base/java.lang.reflect.Method.invoke(Method.java:580)
at org.testng.internal.invokers.MethodInvocationHelper.invokeMethod(MethodInvocationHelper.java:141)
at org.testng.internal.invokers.TestInvoker.invokeMethod(TestInvoker.java:687)
at org.testng.internal.invokers.TestInvoker.invokeTestMethod(TestInvoker.java:230)
at org.testng.internal.invokers.MethodRunner.runInSequence(MethodRunner.java:63)
at org.testng.internal.invokers.TestInvoker$MethodInvocationAgent.invoke(TestInvoker.java:995)
at org.testng.internal.invokers.TestInvoker.invokeTestMethods(TestInvoker.java:203)
at org.testng.internal.invokers.TestMethodWorker.invokeTestMethods(TestMethodWorker.java:154)
at org.testng.internal.invokers.TestMethodWorker.run(TestMethodWorker.java:134)
at java.base/java.util.ArrayList.forEach(ArrayList.java:1596)
at org.testng.TestRunner.privateRun(TestRunner.java:741)
at org.testng.TestRunner.run(TestRunner.java:616)
at org.testng.SuiteRunner.runTest(SuiteRunner.java:421)
at org.testng.SuiteRunner.runSequentially(SuiteRunner.java:413)
at org.testng.SuiteRunner.privateRun(SuiteRunner.java:373)
at org.testng.SuiteRunner.run(SuiteRunner.java:312)
at org.testng.SuiteRunnerWorker.runSuite(SuiteRunnerWorker.java:52)
at org.testng.SuiteRunnerWorker.run(SuiteRunnerWorker.java:95)
at org.testng.TestNG.runSuitesSequentially(TestNG.java:1274)
at org.testng.TestNG.runSuitesLocally(TestNG.java:1208)
at org.testng.TestNG.runSuites(TestNG.java:1112)
at org.testng.TestNG.run(TestNG.java:1079)
at org.testng.remote.AbstractRemoteTestNG.run(AbstractRemoteTestNG.java:115)
at org.testng.remote.RemoteTestNG.initAndRun(RemoteTestNG.java:293)
at org.testng.remote.RemoteTestNG.main(RemoteTestNG.java:91)
]]>
            </full-stacktrace>
          </exception> <!-- org.openqa.selenium.ElementClickInterceptedException -->
          <reporter-output>
          </reporter-output>
        </test-method> <!-- applyFiltersAndVerifyLeads7 -->
        <test-method signature="applyFiltersAndVerifyLeads8()[pri:46, instance:pages.CrmTest2@7c1e2a9e]" started-at="2025-09-03T11:46:55 IST" name="applyFiltersAndVerifyLeads8" finished-at="2025-09-03T11:46:59 IST" duration-ms="3301" status="PASS">
          <reporter-output>
          </reporter-output>
        </test-method> <!-- applyFiltersAndVerifyLeads8 -->
        <test-method signature="verifyFollowUpsSectionVisible()[pri:47, instance:pages.CrmTest2@7c1e2a9e]" started-at="2025-09-03T11:46:59 IST" name="verifyFollowUpsSectionVisible" finished-at="2025-09-03T11:46:59 IST" duration-ms="36" status="PASS">
          <reporter-output>
          </reporter-output>
        </test-method> <!-- verifyFollowUpsSectionVisible -->
        <test-method signature="verifyFollowUpTextIsFullyVisible()[pri:48, instance:pages.CrmTest2@7c1e2a9e]" started-at="2025-09-03T11:46:59 IST" name="verifyFollowUpTextIsFullyVisible" finished-at="2025-09-03T11:46:59 IST" duration-ms="58" status="PASS">
          <reporter-output>
          </reporter-output>
        </test-method> <!-- verifyFollowUpTextIsFullyVisible -->
        <test-method signature="scrollDownTheFollowUps()[pri:49, instance:pages.CrmTest2@7c1e2a9e]" started-at="2025-09-03T11:46:59 IST" name="scrollDownTheFollowUps" finished-at="2025-09-03T11:47:01 IST" duration-ms="2032" status="PASS">
          <reporter-output>
          </reporter-output>
        </test-method> <!-- scrollDownTheFollowUps -->
        <test-method signature="clickOnGoToTopButtonForFollowUps()[pri:50, instance:pages.CrmTest2@7c1e2a9e]" started-at="2025-09-03T11:47:01 IST" name="clickOnGoToTopButtonForFollowUps" finished-at="2025-09-03T11:47:01 IST" duration-ms="49" status="FAIL">
          <exception class="org.openqa.selenium.ElementNotInteractableException">
            <message>
              <![CDATA[element not interactable
  (Session info: chrome=139.0.7258.66)
Build info: version: '4.31.0', revision: '4ae8fc9f8a'
System info: os.name: 'Windows 10', os.arch: 'amd64', os.version: '10.0', java.version: '21.0.6'
Driver info: org.openqa.selenium.chrome.ChromeDriver
Command: [bed0fbf029eb26f6f2302ac270f57b46, clickElement {id=f.6B0B3A7F0B7B54442F1AA50B6BDA0E6D.d.8956856B0BD9F2F784C1AB9485E0D064.e.659}]
Capabilities {acceptInsecureCerts: false, browserName: chrome, browserVersion: 139.0.7258.66, chrome: {chromedriverVersion: 139.0.7258.138 (884e54ea8d4..., userDataDir: C:\Users\User\AppData\Local...}, fedcm:accounts: true, goog:chromeOptions: {debuggerAddress: localhost:57073}, networkConnectionEnabled: false, pageLoadStrategy: normal, platformName: windows, proxy: Proxy(), se:cdp: ws://localhost:57073/devtoo..., se:cdpVersion: 139.0.7258.66, setWindowRect: true, strictFileInteractability: false, timeouts: {implicit: 0, pageLoad: 300000, script: 30000}, unhandledPromptBehavior: dismiss and notify, webauthn:extension:credBlob: true, webauthn:extension:largeBlob: true, webauthn:extension:minPinLength: true, webauthn:extension:prf: true, webauthn:virtualAuthenticators: true}
Element: [[ChromeDriver: chrome on windows (bed0fbf029eb26f6f2302ac270f57b46)] -> xpath: //*[@id="goToTopBtn"]]
Session ID: bed0fbf029eb26f6f2302ac270f57b46]]>
            </message>
            <full-stacktrace>
              <![CDATA[org.openqa.selenium.ElementNotInteractableException: element not interactable
  (Session info: chrome=139.0.7258.66)
Build info: version: '4.31.0', revision: '4ae8fc9f8a'
System info: os.name: 'Windows 10', os.arch: 'amd64', os.version: '10.0', java.version: '21.0.6'
Driver info: org.openqa.selenium.chrome.ChromeDriver
Command: [bed0fbf029eb26f6f2302ac270f57b46, clickElement {id=f.6B0B3A7F0B7B54442F1AA50B6BDA0E6D.d.8956856B0BD9F2F784C1AB9485E0D064.e.659}]
Capabilities {acceptInsecureCerts: false, browserName: chrome, browserVersion: 139.0.7258.66, chrome: {chromedriverVersion: 139.0.7258.138 (884e54ea8d4..., userDataDir: C:\Users\User\AppData\Local...}, fedcm:accounts: true, goog:chromeOptions: {debuggerAddress: localhost:57073}, networkConnectionEnabled: false, pageLoadStrategy: normal, platformName: windows, proxy: Proxy(), se:cdp: ws://localhost:57073/devtoo..., se:cdpVersion: 139.0.7258.66, setWindowRect: true, strictFileInteractability: false, timeouts: {implicit: 0, pageLoad: 300000, script: 30000}, unhandledPromptBehavior: dismiss and notify, webauthn:extension:credBlob: true, webauthn:extension:largeBlob: true, webauthn:extension:minPinLength: true, webauthn:extension:prf: true, webauthn:virtualAuthenticators: true}
Element: [[ChromeDriver: chrome on windows (bed0fbf029eb26f6f2302ac270f57b46)] -> xpath: //*[@id="goToTopBtn"]]
Session ID: bed0fbf029eb26f6f2302ac270f57b46
at java.base/jdk.internal.reflect.DirectConstructorHandleAccessor.newInstance(DirectConstructorHandleAccessor.java:62)
at java.base/java.lang.reflect.Constructor.newInstanceWithCaller(Constructor.java:502)
at java.base/java.lang.reflect.Constructor.newInstance(Constructor.java:486)
at org.openqa.selenium.remote.ErrorCodec.decode(ErrorCodec.java:167)
at org.openqa.selenium.remote.codec.w3c.W3CHttpResponseCodec.decode(W3CHttpResponseCodec.java:138)
at org.openqa.selenium.remote.codec.w3c.W3CHttpResponseCodec.decode(W3CHttpResponseCodec.java:50)
at org.openqa.selenium.remote.HttpCommandExecutor.execute(HttpCommandExecutor.java:215)
at org.openqa.selenium.remote.service.DriverCommandExecutor.invokeExecute(DriverCommandExecutor.java:216)
at org.openqa.selenium.remote.service.DriverCommandExecutor.execute(DriverCommandExecutor.java:174)
at org.openqa.selenium.remote.RemoteWebDriver.execute(RemoteWebDriver.java:545)
at org.openqa.selenium.remote.RemoteWebElement.execute(RemoteWebElement.java:223)
at org.openqa.selenium.remote.RemoteWebElement.click(RemoteWebElement.java:76)
at pages.CrmTest2.clickOnGoToTopButtonForFollowUps(CrmTest2.java:867)
at java.base/jdk.internal.reflect.DirectMethodHandleAccessor.invoke(DirectMethodHandleAccessor.java:103)
at java.base/java.lang.reflect.Method.invoke(Method.java:580)
at org.testng.internal.invokers.MethodInvocationHelper.invokeMethod(MethodInvocationHelper.java:141)
at org.testng.internal.invokers.TestInvoker.invokeMethod(TestInvoker.java:687)
at org.testng.internal.invokers.TestInvoker.invokeTestMethod(TestInvoker.java:230)
at org.testng.internal.invokers.MethodRunner.runInSequence(MethodRunner.java:63)
at org.testng.internal.invokers.TestInvoker$MethodInvocationAgent.invoke(TestInvoker.java:995)
at org.testng.internal.invokers.TestInvoker.invokeTestMethods(TestInvoker.java:203)
at org.testng.internal.invokers.TestMethodWorker.invokeTestMethods(TestMethodWorker.java:154)
at org.testng.internal.invokers.TestMethodWorker.run(TestMethodWorker.java:134)
at java.base/java.util.ArrayList.forEach(ArrayList.java:1596)
at org.testng.TestRunner.privateRun(TestRunner.java:741)
at org.testng.TestRunner.run(TestRunner.java:616)
at org.testng.SuiteRunner.runTest(SuiteRunner.java:421)
at org.testng.SuiteRunner.runSequentially(SuiteRunner.java:413)
at org.testng.SuiteRunner.privateRun(SuiteRunner.java:373)
at org.testng.SuiteRunner.run(SuiteRunner.java:312)
at org.testng.SuiteRunnerWorker.runSuite(SuiteRunnerWorker.java:52)
at org.testng.SuiteRunnerWorker.run(SuiteRunnerWorker.java:95)
at org.testng.TestNG.runSuitesSequentially(TestNG.java:1274)
at org.testng.TestNG.runSuitesLocally(TestNG.java:1208)
at org.testng.TestNG.runSuites(TestNG.java:1112)
at org.testng.TestNG.run(TestNG.java:1079)
at org.testng.remote.AbstractRemoteTestNG.run(AbstractRemoteTestNG.java:115)
at org.testng.remote.RemoteTestNG.initAndRun(RemoteTestNG.java:293)
at org.testng.remote.RemoteTestNG.main(RemoteTestNG.java:91)
]]>
            </full-stacktrace>
          </exception> <!-- org.openqa.selenium.ElementNotInteractableException -->
          <reporter-output>
          </reporter-output>
        </test-method> <!-- clickOnGoToTopButtonForFollowUps -->
        <test-method signature="clickOnFollowUpsName()[pri:51, instance:pages.CrmTest2@7c1e2a9e]" started-at="2025-09-03T11:47:01 IST" name="clickOnFollowUpsName" finished-at="2025-09-03T11:47:02 IST" duration-ms="1076" status="FAIL">
          <exception class="org.openqa.selenium.ElementClickInterceptedException">
            <message>
              <![CDATA[element click intercepted: Element <tr _ngcontent-wtp-c105="" class="not-row ng-star-inserted">...</tr> is not clickable at point (1084, 369). Other element would receive the click: <div _ngcontent-wtp-c85="" class="chat-content">...</div>
  (Session info: chrome=139.0.7258.66)
Build info: version: '4.31.0', revision: '4ae8fc9f8a'
System info: os.name: 'Windows 10', os.arch: 'amd64', os.version: '10.0', java.version: '21.0.6'
Driver info: org.openqa.selenium.chrome.ChromeDriver
Command: [bed0fbf029eb26f6f2302ac270f57b46, clickElement {id=f.6B0B3A7F0B7B54442F1AA50B6BDA0E6D.d.8956856B0BD9F2F784C1AB9485E0D064.e.665}]
Capabilities {acceptInsecureCerts: false, browserName: chrome, browserVersion: 139.0.7258.66, chrome: {chromedriverVersion: 139.0.7258.138 (884e54ea8d4..., userDataDir: C:\Users\User\AppData\Local...}, fedcm:accounts: true, goog:chromeOptions: {debuggerAddress: localhost:57073}, networkConnectionEnabled: false, pageLoadStrategy: normal, platformName: windows, proxy: Proxy(), se:cdp: ws://localhost:57073/devtoo..., se:cdpVersion: 139.0.7258.66, setWindowRect: true, strictFileInteractability: false, timeouts: {implicit: 0, pageLoad: 300000, script: 30000}, unhandledPromptBehavior: dismiss and notify, webauthn:extension:credBlob: true, webauthn:extension:largeBlob: true, webauthn:extension:minPinLength: true, webauthn:extension:prf: true, webauthn:virtualAuthenticators: true}
Element: [[ChromeDriver: chrome on windows (bed0fbf029eb26f6f2302ac270f57b46)] -> xpath: /html/body/app-root/app-dashboard-layout/div/div/div[2]/app-dashboard-home/div[4]/div[2]/div/table/tr[2]]
Session ID: bed0fbf029eb26f6f2302ac270f57b46]]>
            </message>
            <full-stacktrace>
              <![CDATA[org.openqa.selenium.ElementClickInterceptedException: element click intercepted: Element <tr _ngcontent-wtp-c105="" class="not-row ng-star-inserted">...</tr> is not clickable at point (1084, 369). Other element would receive the click: <div _ngcontent-wtp-c85="" class="chat-content">...</div>
  (Session info: chrome=139.0.7258.66)
Build info: version: '4.31.0', revision: '4ae8fc9f8a'
System info: os.name: 'Windows 10', os.arch: 'amd64', os.version: '10.0', java.version: '21.0.6'
Driver info: org.openqa.selenium.chrome.ChromeDriver
Command: [bed0fbf029eb26f6f2302ac270f57b46, clickElement {id=f.6B0B3A7F0B7B54442F1AA50B6BDA0E6D.d.8956856B0BD9F2F784C1AB9485E0D064.e.665}]
Capabilities {acceptInsecureCerts: false, browserName: chrome, browserVersion: 139.0.7258.66, chrome: {chromedriverVersion: 139.0.7258.138 (884e54ea8d4..., userDataDir: C:\Users\User\AppData\Local...}, fedcm:accounts: true, goog:chromeOptions: {debuggerAddress: localhost:57073}, networkConnectionEnabled: false, pageLoadStrategy: normal, platformName: windows, proxy: Proxy(), se:cdp: ws://localhost:57073/devtoo..., se:cdpVersion: 139.0.7258.66, setWindowRect: true, strictFileInteractability: false, timeouts: {implicit: 0, pageLoad: 300000, script: 30000}, unhandledPromptBehavior: dismiss and notify, webauthn:extension:credBlob: true, webauthn:extension:largeBlob: true, webauthn:extension:minPinLength: true, webauthn:extension:prf: true, webauthn:virtualAuthenticators: true}
Element: [[ChromeDriver: chrome on windows (bed0fbf029eb26f6f2302ac270f57b46)] -> xpath: /html/body/app-root/app-dashboard-layout/div/div/div[2]/app-dashboard-home/div[4]/div[2]/div/table/tr[2]]
Session ID: bed0fbf029eb26f6f2302ac270f57b46
at java.base/jdk.internal.reflect.DirectConstructorHandleAccessor.newInstance(DirectConstructorHandleAccessor.java:62)
at java.base/java.lang.reflect.Constructor.newInstanceWithCaller(Constructor.java:502)
at java.base/java.lang.reflect.Constructor.newInstance(Constructor.java:486)
at org.openqa.selenium.remote.ErrorCodec.decode(ErrorCodec.java:167)
at org.openqa.selenium.remote.codec.w3c.W3CHttpResponseCodec.decode(W3CHttpResponseCodec.java:138)
at org.openqa.selenium.remote.codec.w3c.W3CHttpResponseCodec.decode(W3CHttpResponseCodec.java:50)
at org.openqa.selenium.remote.HttpCommandExecutor.execute(HttpCommandExecutor.java:215)
at org.openqa.selenium.remote.service.DriverCommandExecutor.invokeExecute(DriverCommandExecutor.java:216)
at org.openqa.selenium.remote.service.DriverCommandExecutor.execute(DriverCommandExecutor.java:174)
at org.openqa.selenium.remote.RemoteWebDriver.execute(RemoteWebDriver.java:545)
at org.openqa.selenium.remote.RemoteWebElement.execute(RemoteWebElement.java:223)
at org.openqa.selenium.remote.RemoteWebElement.click(RemoteWebElement.java:76)
at pages.CrmTest2.clickOnFollowUpsName(CrmTest2.java:873)
at java.base/jdk.internal.reflect.DirectMethodHandleAccessor.invoke(DirectMethodHandleAccessor.java:103)
at java.base/java.lang.reflect.Method.invoke(Method.java:580)
at org.testng.internal.invokers.MethodInvocationHelper.invokeMethod(MethodInvocationHelper.java:141)
at org.testng.internal.invokers.TestInvoker.invokeMethod(TestInvoker.java:687)
at org.testng.internal.invokers.TestInvoker.invokeTestMethod(TestInvoker.java:230)
at org.testng.internal.invokers.MethodRunner.runInSequence(MethodRunner.java:63)
[...]
        </test-method> <!-- enterRequiredAmount -->
        <test-method signature="enterExpectedTenure()[pri:141, instance:pages.CrmTest2@7c1e2a9e]" started-at="2025-09-03T11:49:15 IST" name="enterExpectedTenure" finished-at="2025-09-03T11:49:18 IST" duration-ms="2162" status="PASS">
          <reporter-output>
          </reporter-output>
        </test-method> <!-- enterExpectedTenure -->
        <test-method signature="enterNetSalary()[pri:142, instance:pages.CrmTest2@7c1e2a9e]" started-at="2025-09-03T11:49:18 IST" name="enterNetSalary" finished-at="2025-09-03T11:49:20 IST" duration-ms="2177" status="PASS">
          <reporter-output>
          </reporter-output>
        </test-method> <!-- enterNetSalary -->
        <test-method signature="enterCorporateName()[pri:143, instance:pages.CrmTest2@7c1e2a9e]" started-at="2025-09-03T11:49:20 IST" name="enterCorporateName" finished-at="2025-09-03T11:49:22 IST" duration-ms="2210" status="PASS">
          <reporter-output>
          </reporter-output>
        </test-method> <!-- enterCorporateName -->
        <test-method signature="enterCurrentObligations()[pri:144, instance:pages.CrmTest2@7c1e2a9e]" started-at="2025-09-03T11:49:22 IST" name="enterCurrentObligations" finished-at="2025-09-03T11:49:24 IST" duration-ms="2154" status="PASS">
          <reporter-output>
          </reporter-output>
        </test-method> <!-- enterCurrentObligations -->
        <test-method signature="enterCreditScore()[pri:145, instance:pages.CrmTest2@7c1e2a9e]" started-at="2025-09-03T11:49:24 IST" name="enterCreditScore" finished-at="2025-09-03T11:49:26 IST" duration-ms="2169" status="PASS">
          <reporter-output>
          </reporter-output>
        </test-method> <!-- enterCreditScore -->
        <test-method signature="selectTier()[pri:146, instance:pages.CrmTest2@7c1e2a9e]" started-at="2025-09-03T11:49:26 IST" name="selectTier" finished-at="2025-09-03T11:49:30 IST" duration-ms="4125" status="PASS">
          <reporter-output>
          </reporter-output>
        </test-method> <!-- selectTier -->
        <test-method signature="selectLocation()[pri:147, instance:pages.CrmTest2@7c1e2a9e]" started-at="2025-09-03T11:49:30 IST" name="selectLocation" finished-at="2025-09-03T11:49:31 IST" duration-ms="27" status="FAIL">
          <exception class="org.openqa.selenium.NoSuchElementException">
            <message>
              <![CDATA[no such element: Unable to locate element: {"method":"xpath","selector":"//span[contains(@class, 'mat-select-placeholder')]"}
  (Session info: chrome=139.0.7258.66)
For documentation on this error, please visit: https://www.selenium.dev/documentation/webdriver/troubleshooting/errors#no-such-element-exception
Build info: version: '4.31.0', revision: '4ae8fc9f8a'
System info: os.name: 'Windows 10', os.arch: 'amd64', os.version: '10.0', java.version: '21.0.6'
Driver info: org.openqa.selenium.chrome.ChromeDriver
Command: [bed0fbf029eb26f6f2302ac270f57b46, findElement {using=xpath, value=//span[contains(@class, 'mat-select-placeholder')]}]
Capabilities {acceptInsecureCerts: false, browserName: chrome, browserVersion: 139.0.7258.66, chrome: {chromedriverVersion: 139.0.7258.138 (884e54ea8d4..., userDataDir: C:\Users\User\AppData\Local...}, fedcm:accounts: true, goog:chromeOptions: {debuggerAddress: localhost:57073}, networkConnectionEnabled: false, pageLoadStrategy: normal, platformName: windows, proxy: Proxy(), se:cdp: ws://localhost:57073/devtoo..., se:cdpVersion: 139.0.7258.66, setWindowRect: true, strictFileInteractability: false, timeouts: {implicit: 0, pageLoad: 300000, script: 30000}, unhandledPromptBehavior: dismiss and notify, webauthn:extension:credBlob: true, webauthn:extension:largeBlob: true, webauthn:extension:minPinLength: true, webauthn:extension:prf: true, webauthn:virtualAuthenticators: true}
Session ID: bed0fbf029eb26f6f2302ac270f57b46]]>
            </message>
            <full-stacktrace>
              <![CDATA[org.openqa.selenium.NoSuchElementException: no such element: Unable to locate element: {"method":"xpath","selector":"//span[contains(@class, 'mat-select-placeholder')]"}
  (Session info: chrome=139.0.7258.66)
For documentation on this error, please visit: https://www.selenium.dev/documentation/webdriver/troubleshooting/errors#no-such-element-exception
Build info: version: '4.31.0', revision: '4ae8fc9f8a'
System info: os.name: 'Windows 10', os.arch: 'amd64', os.version: '10.0', java.version: '21.0.6'
Driver info: org.openqa.selenium.chrome.ChromeDriver
Command: [bed0fbf029eb26f6f2302ac270f57b46, findElement {using=xpath, value=//span[contains(@class, 'mat-select-placeholder')]}]
Capabilities {acceptInsecureCerts: false, browserName: chrome, browserVersion: 139.0.7258.66, chrome: {chromedriverVersion: 139.0.7258.138 (884e54ea8d4..., userDataDir: C:\Users\User\AppData\Local...}, fedcm:accounts: true, goog:chromeOptions: {debuggerAddress: localhost:57073}, networkConnectionEnabled: false, pageLoadStrategy: normal, platformName: windows, proxy: Proxy(), se:cdp: ws://localhost:57073/devtoo..., se:cdpVersion: 139.0.7258.66, setWindowRect: true, strictFileInteractability: false, timeouts: {implicit: 0, pageLoad: 300000, script: 30000}, unhandledPromptBehavior: dismiss and notify, webauthn:extension:credBlob: true, webauthn:extension:largeBlob: true, webauthn:extension:minPinLength: true, webauthn:extension:prf: true, webauthn:virtualAuthenticators: true}
Session ID: bed0fbf029eb26f6f2302ac270f57b46
at java.base/jdk.internal.reflect.DirectConstructorHandleAccessor.newInstance(DirectConstructorHandleAccessor.java:62)
at java.base/java.lang.reflect.Constructor.newInstanceWithCaller(Constructor.java:502)
at java.base/java.lang.reflect.Constructor.newInstance(Constructor.java:486)
at org.openqa.selenium.remote.ErrorCodec.decode(ErrorCodec.java:167)
at org.openqa.selenium.remote.codec.w3c.W3CHttpResponseCodec.decode(W3CHttpResponseCodec.java:138)
at org.openqa.selenium.remote.codec.w3c.W3CHttpResponseCodec.decode(W3CHttpResponseCodec.java:50)
at org.openqa.selenium.remote.HttpCommandExecutor.execute(HttpCommandExecutor.java:215)
at org.openqa.selenium.remote.service.DriverCommandExecutor.invokeExecute(DriverCommandExecutor.java:216)
at org.openqa.selenium.remote.service.DriverCommandExecutor.execute(DriverCommandExecutor.java:174)
at org.openqa.selenium.remote.RemoteWebDriver.execute(RemoteWebDriver.java:545)
at org.openqa.selenium.remote.ElementLocation$ElementFinder$2.findElement(ElementLocation.java:165)
at org.openqa.selenium.remote.ElementLocation.findElement(ElementLocation.java:59)
at org.openqa.selenium.remote.RemoteWebDriver.findElement(RemoteWebDriver.java:368)
at org.openqa.selenium.remote.RemoteWebDriver.findElement(RemoteWebDriver.java:362)
at pages.CrmTest2.selectLocation(CrmTest2.java:1916)
at java.base/jdk.internal.reflect.DirectMethodHandleAccessor.invoke(DirectMethodHandleAccessor.java:103)
at java.base/java.lang.reflect.Method.invoke(Method.java:580)
at org.testng.internal.invokers.MethodInvocationHelper.invokeMethod(MethodInvocationHelper.java:141)
at org.testng.internal.invokers.TestInvoker.invokeMethod(TestInvoker.java:687)
at org.testng.internal.invokers.TestInvoker.invokeTestMethod(TestInvoker.java:230)
at org.testng.internal.invokers.MethodRunner.runInSequence(MethodRunner.java:63)
at org.testng.internal.invokers.TestInvoker$MethodInvocationAgent.invoke(TestInvoker.java:995)
at org.testng.internal.invokers.TestInvoker.invokeTestMethods(TestInvoker.java:203)
at org.testng.internal.invokers.TestMethodWorker.invokeTestMethods(TestMethodWorker.java:154)
at org.testng.internal.invokers.TestMethodWorker.run(TestMethodWorker.java:134)
at java.base/java.util.ArrayList.forEach(ArrayList.java:1596)
at org.testng.TestRunner.privateRun(TestRunner.java:741)
at org.testng.TestRunner.run(TestRunner.java:616)
at org.testng.SuiteRunner.runTest(SuiteRunner.java:421)
at org.testng.SuiteRunner.runSequentially(SuiteRunner.java:413)
at org.testng.SuiteRunner.privateRun(SuiteRunner.java:373)
at org.testng.SuiteRunner.run(SuiteRunner.java:312)
at org.testng.SuiteRunnerWorker.runSuite(SuiteRunnerWorker.java:52)
at org.testng.SuiteRunnerWorker.run(SuiteRunnerWorker.java:95)
at org.testng.TestNG.runSuitesSequentially(TestNG.java:1274)
at org.testng.TestNG.runSuitesLocally(TestNG.java:1208)
at org.testng.TestNG.runSuites(TestNG.java:1112)
at org.testng.TestNG.run(TestNG.java:1079)
at org.testng.remote.AbstractRemoteTestNG.run(AbstractRemoteTestNG.java:115)
at org.testng.remote.RemoteTestNG.initAndRun(RemoteTestNG.java:293)
at org.testng.remote.RemoteTestNG.main(RemoteTestNG.java:91)
]]>
            </full-stacktrace>
          </exception> <!-- org.openqa.selenium.NoSuchElementException -->
          <reporter-output>
          </reporter-output>
        </test-method> <!-- selectLocation -->
        <test-method signature="clickGetCommercialsButton()[pri:148, instance:pages.CrmTest2@7c1e2a9e]" started-at="2025-09-03T11:49:31 IST" name="clickGetCommercialsButton" finished-at="2025-09-03T11:49:34 IST" duration-ms="3038" status="PASS">
          <reporter-output>
          </reporter-output>
        </test-method> <!-- clickGetCommercialsButton -->
        <test-method signature="scroll1()[pri:149, instance:pages.CrmTest2@7c1e2a9e]" started-at="2025-09-03T11:49:34 IST" name="scroll1" finished-at="2025-09-03T11:49:39 IST" duration-ms="5065" status="PASS">
          <reporter-output>
          </reporter-output>
        </test-method> <!-- scroll1 -->
        <test-method signature="verifyBankCardsVisible()[pri:150, instance:pages.CrmTest2@7c1e2a9e]" started-at="2025-09-03T11:49:39 IST" name="verifyBankCardsVisible" finished-at="2025-09-03T11:49:41 IST" duration-ms="2070" status="PASS">
          <reporter-output>
          </reporter-output>
        </test-method> <!-- verifyBankCardsVisible -->
        <test-method signature="clickOnComparisonOfBanksCheckBox()[pri:151, instance:pages.CrmTest2@7c1e2a9e]" started-at="2025-09-03T11:49:41 IST" name="clickOnComparisonOfBanksCheckBox" finished-at="2025-09-03T11:49:41 IST" duration-ms="386" status="PASS">
          <reporter-output>
          </reporter-output>
        </test-method> <!-- clickOnComparisonOfBanksCheckBox -->
        <test-method signature="verifyAndClickComparisonButton()[pri:152, instance:pages.CrmTest2@7c1e2a9e]" started-at="2025-09-03T11:49:41 IST" name="verifyAndClickComparisonButton" finished-at="2025-09-03T11:49:46 IST" duration-ms="5165" status="PASS">
          <reporter-output>
          </reporter-output>
        </test-method> <!-- verifyAndClickComparisonButton -->
        <test-method signature="verifyBankComparisonPopUpVisibility()[pri:153, instance:pages.CrmTest2@7c1e2a9e]" started-at="2025-09-03T11:49:46 IST" name="verifyBankComparisonPopUpVisibility" finished-at="2025-09-03T11:49:49 IST" duration-ms="3082" status="PASS">
          <reporter-output>
          </reporter-output>
        </test-method> <!-- verifyBankComparisonPopUpVisibility -->
        <test-method signature="clickOnCloseBankComparisionButton()[pri:154, instance:pages.CrmTest2@7c1e2a9e]" started-at="2025-09-03T11:49:49 IST" name="clickOnCloseBankComparisionButton" finished-at="2025-09-03T11:49:52 IST" duration-ms="3137" status="PASS">
          <reporter-output>
          </reporter-output>
        </test-method> <!-- clickOnCloseBankComparisionButton -->
        <test-method signature="verifyAndClickSelectBankOption()[pri:155, instance:pages.CrmTest2@7c1e2a9e]" started-at="2025-09-03T11:49:52 IST" name="verifyAndClickSelectBankOption" finished-at="2025-09-03T11:49:56 IST" duration-ms="3132" status="PASS">
          <reporter-output>
          </reporter-output>
        </test-method> <!-- verifyAndClickSelectBankOption -->
        <test-method signature="verifyBankColumnVisibility()[pri:156, instance:pages.CrmTest2@7c1e2a9e]" started-at="2025-09-03T11:49:56 IST" name="verifyBankColumnVisibility" finished-at="2025-09-03T11:49:58 IST" duration-ms="2070" status="PASS">
          <reporter-output>
          </reporter-output>
        </test-method> <!-- verifyBankColumnVisibility -->
        <test-method signature="clickOnSubmitBank()[pri:157, instance:pages.CrmTest2@7c1e2a9e]" started-at="2025-09-03T11:49:58 IST" name="clickOnSubmitBank" finished-at="2025-09-03T11:50:04 IST" duration-ms="6144" status="PASS">
          <reporter-output>
          </reporter-output>
        </test-method> <!-- clickOnSubmitBank -->
        <test-method signature="verifyAndClickCustomerName()[pri:158, instance:pages.CrmTest2@7c1e2a9e]" started-at="2025-09-03T11:50:04 IST" name="verifyAndClickCustomerName" finished-at="2025-09-03T11:50:07 IST" duration-ms="3357" status="PASS">
          <reporter-output>
          </reporter-output>
        </test-method> <!-- verifyAndClickCustomerName -->
        <test-method signature="verifyCustomerPersonalDetailsPopUp()[pri:159, instance:pages.CrmTest2@7c1e2a9e]" started-at="2025-09-03T11:50:07 IST" name="verifyCustomerPersonalDetailsPopUp" finished-at="2025-09-03T11:50:17 IST" duration-ms="10236" status="PASS">
          <reporter-output>
          </reporter-output>
        </test-method> <!-- verifyCustomerPersonalDetailsPopUp -->
        <test-method signature="verifyAndEditFirstName()[pri:160, instance:pages.CrmTest2@7c1e2a9e]" started-at="2025-09-03T11:50:17 IST" name="verifyAndEditFirstName" finished-at="2025-09-03T11:50:20 IST" duration-ms="2181" status="PASS">
          <reporter-output>
          </reporter-output>
        </test-method> <!-- verifyAndEditFirstName -->
        <test-method signature="verifyAndEditLastName()[pri:161, instance:pages.CrmTest2@7c1e2a9e]" started-at="2025-09-03T11:50:20 IST" name="verifyAndEditLastName" finished-at="2025-09-03T11:50:25 IST" duration-ms="5450" status="PASS">
          <reporter-output>
          </reporter-output>
        </test-method> <!-- verifyAndEditLastName -->
        <test-method signature="verifyAndClickSubmitButton()[pri:162, instance:pages.CrmTest2@7c1e2a9e]" started-at="2025-09-03T11:50:25 IST" name="verifyAndClickSubmitButton" finished-at="2025-09-03T11:50:27 IST" duration-ms="2130" status="PASS">
          <reporter-output>
          </reporter-output>
        </test-method> <!-- verifyAndClickSubmitButton -->
        <test-method signature="clickOnBackendProcessing()[pri:163, instance:pages.CrmTest2@7c1e2a9e]" started-at="2025-09-03T11:50:27 IST" name="clickOnBackendProcessing" finished-at="2025-09-03T11:50:29 IST" duration-ms="2154" status="PASS">
          <reporter-output>
          </reporter-output>
        </test-method> <!-- clickOnBackendProcessing -->
        <test-method signature="verifyBackedProcessingPage()[pri:164, instance:pages.CrmTest2@7c1e2a9e]" started-at="2025-09-03T11:50:29 IST" name="verifyBackedProcessingPage" finished-at="2025-09-03T11:50:31 IST" duration-ms="2007" status="PASS">
          <reporter-output>
          </reporter-output>
        </test-method> <!-- verifyBackedProcessingPage -->
        <test-method signature="verifyBankAcceptSliderVisibility()[pri:165, instance:pages.CrmTest2@7c1e2a9e]" started-at="2025-09-03T11:50:31 IST" name="verifyBankAcceptSliderVisibility" finished-at="2025-09-03T11:50:32 IST" duration-ms="1069" status="PASS">
          <reporter-output>
          </reporter-output>
        </test-method> <!-- verifyBankAcceptSliderVisibility -->
        <test-method signature="verifyConnectionOnlyFilterVisibility()[pri:166, instance:pages.CrmTest2@7c1e2a9e]" started-at="2025-09-03T11:50:32 IST" name="verifyConnectionOnlyFilterVisibility" finished-at="2025-09-03T11:50:34 IST" duration-ms="1062" status="PASS">
          <reporter-output>
          </reporter-output>
        </test-method> <!-- verifyConnectionOnlyFilterVisibility -->
        <test-method signature="verifyTableViewVisibility()[pri:167, instance:pages.CrmTest2@7c1e2a9e]" started-at="2025-09-03T11:50:34 IST" name="verifyTableViewVisibility" finished-at="2025-09-03T11:50:35 IST" duration-ms="1054" status="PASS">
          <reporter-output>
          </reporter-output>
        </test-method> <!-- verifyTableViewVisibility -->
        <test-method signature="verifyBackenCardsVissibility()[pri:168, instance:pages.CrmTest2@7c1e2a9e]" started-at="2025-09-03T11:50:35 IST" name="verifyBackenCardsVissibility" finished-at="2025-09-03T11:50:58 IST" duration-ms="23358" status="PASS">
          <reporter-output>
          </reporter-output>
        </test-method> <!-- verifyBackenCardsVissibility -->
        <test-method signature="verifyClickColdCallingPageLoads()[pri:169, instance:pages.CrmTest2@7c1e2a9e]" started-at="2025-09-03T11:50:58 IST" name="verifyClickColdCallingPageLoads" finished-at="2025-09-03T11:51:00 IST" duration-ms="2252" status="PASS">
          <reporter-output>
          </reporter-output>
        </test-method> <!-- verifyClickColdCallingPageLoads -->
        <test-method signature="verifyDialerButtonVisibility()[pri:170, instance:pages.CrmTest2@7c1e2a9e]" started-at="2025-09-03T11:51:00 IST" name="verifyDialerButtonVisibility" finished-at="2025-09-03T11:51:01 IST" duration-ms="1038" status="PASS">
          <reporter-output>
          </reporter-output>
        </test-method> <!-- verifyDialerButtonVisibility -->
        <test-method signature="verifyMobileFieldVisibilityForManualCalling()[pri:171, instance:pages.CrmTest2@7c1e2a9e]" started-at="2025-09-03T11:51:01 IST" name="verifyMobileFieldVisibilityForManualCalling" finished-at="2025-09-03T11:51:02 IST" duration-ms="1050" status="PASS">
          <reporter-output>
          </reporter-output>
        </test-method> <!-- verifyMobileFieldVisibilityForManualCalling -->
        <test-method signature="verifyCallButtonVisibilityForManualCalling()[pri:172, instance:pages.CrmTest2@7c1e2a9e]" started-at="2025-09-03T11:51:02 IST" name="verifyCallButtonVisibilityForManualCalling" finished-at="2025-09-03T11:51:03 IST" duration-ms="1045" status="PASS">
          <reporter-output>
          </reporter-output>
        </test-method> <!-- verifyCallButtonVisibilityForManualCalling -->
        <test-method signature="verifyAgentsColumnVisibility()[pri:173, instance:pages.CrmTest2@7c1e2a9e]" started-at="2025-09-03T11:51:03 IST" name="verifyAgentsColumnVisibility" finished-at="2025-09-03T11:51:04 IST" duration-ms="1033" status="PASS">
          <reporter-output>
          </reporter-output>
        </test-method> <!-- verifyAgentsColumnVisibility -->
        <test-method signature="verifyCompletedCallsColumnVisibilityColdCalling()[pri:174, instance:pages.CrmTest2@7c1e2a9e]" started-at="2025-09-03T11:51:04 IST" name="verifyCompletedCallsColumnVisibilityColdCalling" finished-at="2025-09-03T11:51:05 IST" duration-ms="1026" status="PASS">
          <reporter-output>
          </reporter-output>
        </test-method> <!-- verifyCompletedCallsColumnVisibilityColdCalling -->
        <test-method signature="verifyCallBackColumnVisibilityColdCallingPage()[pri:175, instance:pages.CrmTest2@7c1e2a9e]" started-at="2025-09-03T11:51:05 IST" name="verifyCallBackColumnVisibilityColdCallingPage" finished-at="2025-09-03T11:51:06 IST" duration-ms="1029" status="PASS">
          <reporter-output>
          </reporter-output>
        </test-method> <!-- verifyCallBackColumnVisibilityColdCallingPage -->
        <test-method signature="ClickOnDialerLoginButton()[pri:176, instance:pages.CrmTest2@7c1e2a9e]" started-at="2025-09-03T11:51:06 IST" name="ClickOnDialerLoginButton" finished-at="2025-09-03T11:51:17 IST" duration-ms="10128" status="PASS">
          <reporter-output>
          </reporter-output>
        </test-method> <!-- ClickOnDialerLoginButton -->
      </class> <!-- pages.CrmTest2 -->
    </test> <!-- Default test -->
  </suite> <!-- Default suite -->
</testng-results>
